#
# There is insufficient memory for the Java Runtime Environment to continue.
# Native memory allocation (malloc) failed to allocate 102760448 bytes for committing reserved memory.
# Possible reasons:
#   The system is out of physical RAM or swap space
#   In 32 bit mode, the process size limit was hit
# Possible solutions:
#   Reduce memory load on the system
#   Increase physical memory or swap space
#   Check if swap backing store is full
#   Use 64 bit Java on a 64 bit OS
#   Decrease Java heap size (-Xmx/-Xms)
#   Decrease number of Java threads
#   Decrease Java thread stack sizes (-Xss)
#   Set larger code cache with -XX:ReservedCodeCacheSize=
# This output file may be truncated or incomplete.
#
#  Out of Memory Error (os_linux.cpp:2798), pid=6458, tid=140362156664576
#
# JRE version: OpenJDK Runtime Environment (7.0_65-b32) (build 1.7.0_65-b32)
# Java VM: OpenJDK 64-Bit Server VM (24.65-b04 mixed mode linux-amd64 compressed oops)
# Derivative: IcedTea 2.5.3
# Distribution: Ubuntu 14.04 LTS, package 7u71-2.5.3-0ubuntu0.14.04.1
# Failed to write core dump. Core dumps have been disabled. To enable core dumping, try "ulimit -c unlimited" before starting Java again
#

---------------  T H R E A D  ---------------

Current thread (0x00007fa8a413c800):  VMThread [stack: 0x00007fa89c6ce000,0x00007fa89c7cf000] [id=6464]

Stack: [0x00007fa89c6ce000,0x00007fa89c7cf000],  sp=0x00007fa89c7cd490,  free space=1021k
Native frames: (J=compiled Java code, j=interpreted, Vv=VM code, C=native code)
V  [libjvm.so+0x948b05]  VMError::report_and_die()+0x175
V  [libjvm.so+0x48bc34]  report_vm_out_of_memory(char const*, int, unsigned long, char const*)+0x74
V  [libjvm.so+0x7c7bfb]  os::pd_commit_memory(char*, unsigned long, unsigned long, bool)+0xeb
V  [libjvm.so+0x7c26bf]  os::commit_memory(char*, unsigned long, unsigned long, bool)+0x1f
V  [libjvm.so+0x833e4b]  PSVirtualSpace::expand_by(unsigned long)+0x5b
V  [libjvm.so+0x834ca0]  PSYoungGen::resize_generation(unsigned long, unsigned long)+0xb0
V  [libjvm.so+0x83538b]  PSYoungGen::resize(unsigned long, unsigned long)+0x1b
V  [libjvm.so+0x831670]  PSScavenge::invoke_no_policy()+0xde0
V  [libjvm.so+0x831e48]  PSScavenge::invoke()+0x38
V  [libjvm.so+0x7e8823]  ParallelScavengeHeap::failed_mem_allocate(unsigned long)+0x63
V  [libjvm.so+0x94a504]  VM_ParallelGCFailedAllocation::doit()+0x84
V  [libjvm.so+0x94e9f7]  VM_Operation::evaluate()+0x47
V  [libjvm.so+0x94d368]  VMThread::evaluate_operation(VM_Operation*)+0x318
V  [libjvm.so+0x94d7c9]  VMThread::loop()+0x219
V  [libjvm.so+0x94dc12]  VMThread::run()+0x72
V  [libjvm.so+0x7c4ac2]  java_start(Thread*)+0xf2

VM_Operation (0x00007fa8aabf14f0): ParallelGCFailedAllocation, mode: safepoint, requested by thread 0x00007fa8a400a000


---------------  P R O C E S S  ---------------

Java Threads: ( => current thread )
  0x00007fa8a4cb4000 JavaThread "Abandoned connection cleanup thread" daemon [_thread_blocked, id=6473, stack(0x00007fa88daba000,0x00007fa88dbbb000)]
  0x00007fa8a4c86800 JavaThread "Tomcat JDBC Pool Cleaner[1286131032:1452313414102]" daemon [_thread_blocked, id=6472, stack(0x00007fa88dbbb000,0x00007fa88dcbc000)]
  0x00007fa8a4177000 JavaThread "Service Thread" daemon [_thread_blocked, id=6470, stack(0x00007fa89c0c8000,0x00007fa89c1c9000)]
  0x00007fa8a4175000 JavaThread "C2 CompilerThread1" daemon [_thread_blocked, id=6469, stack(0x00007fa89c1c9000,0x00007fa89c2ca000)]
  0x00007fa8a4172000 JavaThread "C2 CompilerThread0" daemon [_thread_blocked, id=6468, stack(0x00007fa89c2ca000,0x00007fa89c3cb000)]
  0x00007fa8a4170000 JavaThread "Signal Dispatcher" daemon [_thread_blocked, id=6467, stack(0x00007fa89c3cb000,0x00007fa89c4cc000)]
  0x00007fa8a4143000 JavaThread "Finalizer" daemon [_thread_blocked, id=6466, stack(0x00007fa89c4cc000,0x00007fa89c5cd000)]
  0x00007fa8a4141000 JavaThread "Reference Handler" daemon [_thread_blocked, id=6465, stack(0x00007fa89c5cd000,0x00007fa89c6ce000)]
  0x00007fa8a400a000 JavaThread "main" [_thread_blocked, id=6459, stack(0x00007fa8aaafb000,0x00007fa8aabfc000)]

Other Threads:
=>0x00007fa8a413c800 VMThread [stack: 0x00007fa89c6ce000,0x00007fa89c7cf000] [id=6464]
  0x00007fa8a4182000 WatcherThread [stack: 0x00007fa88f81c000,0x00007fa88f91d000] [id=6471]

VM state:at safepoint (normal execution)

VM Mutex/Monitor currently owned by a thread:  ([mutex/lock_event])
[0x00007fa8a4006740] Threads_lock - owner thread: 0x00007fa8a413c800
[0x00007fa8a4006c40] Heap_lock - owner thread: 0x00007fa8a400a000

Heap
 PSYoungGen      total 165888K, used 7150K [0x00000000ebe80000, 0x00000000f6980000, 0x0000000100000000)
  eden space 158720K, 0% used [0x00000000ebe80000,0x00000000ebe80000,0x00000000f5980000)
  from space 7168K, 99% used [0x00000000f5980000,0x00000000f607bba0,0x00000000f6080000)
  to   space 5120K, 0% used [0x00000000f6080000,0x00000000f6080000,0x00000000f6580000)
 ParOldGen       total 40960K, used 20001K [0x00000000c3c00000, 0x00000000c6400000, 0x00000000ebe80000)
  object space 40960K, 48% used [0x00000000c3c00000,0x00000000c4f886a8,0x00000000c6400000)
 PSPermGen       total 36352K, used 36116K [0x00000000b9600000, 0x00000000bb980000, 0x00000000c3c00000)
  object space 36352K, 99% used [0x00000000b9600000,0x00000000bb945048,0x00000000bb980000)

Card table byte_map: [0x00007fa8a0385000,0x00007fa8a05bb000] byte_map_base: 0x00007fa89fdba000

Polling page: 0x00007fa8aac1d000

Code Cache  [0x00007fa8a05bb000, 0x00007fa8a082b000, 0x00007fa8a35bb000)
 total_blobs=1133 nmethods=721 adapters=363 free_code_cache=46776Kb largest_free_block=47843840

Compilation events (10 events):
Event: 15.493 Thread 0x00007fa8a4175000 nmethod 765 0x00007fa8a07045d0 code [0x00007fa8a0704720, 0x00007fa8a07047e8]
Event: 15.498 Thread 0x00007fa8a4175000  766   !         org.springframework.core.annotation.AnnotationUtils::getAnnotation (74 bytes)
Event: 15.510 Thread 0x00007fa8a4172000 nmethod 763 0x00007fa8a0811ad0 code [0x00007fa8a0811fe0, 0x00007fa8a0813ec8]
Event: 15.543 Thread 0x00007fa8a4175000 nmethod 766 0x00007fa8a0817290 code [0x00007fa8a08175c0, 0x00007fa8a0818ab8]
Event: 15.898 Thread 0x00007fa8a4172000  767  s          java.lang.StringBuffer::toString (17 bytes)
Event: 15.905 Thread 0x00007fa8a4172000 nmethod 767 0x00007fa8a07ef090 code [0x00007fa8a07ef200, 0x00007fa8a07ef798]
Event: 16.089 Thread 0x00007fa8a4175000  768  s!         java.net.URLStreamHandler::getHostAddress (54 bytes)
Event: 16.096 Thread 0x00007fa8a4175000 nmethod 768 0x00007fa8a06f8810 code [0x00007fa8a06f8980, 0x00007fa8a06f90c8]
Event: 16.731 Thread 0x00007fa8a4172000  770             sun.misc.URLClassPath$JarLoader::access$500 (5 bytes)
Event: 16.731 Thread 0x00007fa8a4172000 nmethod 770 0x00007fa8a06fbd50 code [0x00007fa8a06fbe80, 0x00007fa8a06fbed8]

GC Heap History (10 events):
Event: 3.410 GC heap after
Heap after GC invocations=8 (full 0):
 PSYoungGen      total 66560K, used 3027K [0x00000000ebe80000, 0x00000000f0380000, 0x0000000100000000)
  eden space 62464K, 0% used [0x00000000ebe80000,0x00000000ebe80000,0x00000000efb80000)
  from space 4096K, 73% used [0x00000000eff80000,0x00000000f0274c00,0x00000000f0380000)
  to   space 4096K, 0% used [0x00000000efb80000,0x00000000efb80000,0x00000000eff80000)
 ParOldGen       total 40960K, used 3886K [0x00000000c3c00000, 0x00000000c6400000, 0x00000000ebe80000)
  object space 40960K, 9% used [0x00000000c3c00000,0x00000000c3fcb958,0x00000000c6400000)
 PSPermGen       total 21504K, used 12298K [0x00000000b9600000, 0x00000000bab00000, 0x00000000c3c00000)
  object space 21504K, 57% used [0x00000000b9600000,0x00000000ba2029e8,0x00000000bab00000)
}
Event: 4.649 GC heap before
{Heap before GC invocations=9 (full 0):
 PSYoungGen      total 66560K, used 65491K [0x00000000ebe80000, 0x00000000f0380000, 0x0000000100000000)
  eden space 62464K, 100% used [0x00000000ebe80000,0x00000000efb80000,0x00000000efb80000)
  from space 4096K, 73% used [0x00000000eff80000,0x00000000f0274c00,0x00000000f0380000)
  to   space 4096K, 0% used [0x00000000efb80000,0x00000000efb80000,0x00000000eff80000)
 ParOldGen       total 40960K, used 3886K [0x00000000c3c00000, 0x00000000c6400000, 0x00000000ebe80000)
  object space 40960K, 9% used [0x00000000c3c00000,0x00000000c3fcb958,0x00000000c6400000)
 PSPermGen       total 21504K, used 14342K [0x00000000b9600000, 0x00000000bab00000, 0x00000000c3c00000)
  object space 21504K, 66% used [0x00000000b9600000,0x00000000ba401930,0x00000000bab00000)
Event: 4.658 GC heap after
Heap after GC invocations=9 (full 0):
 PSYoungGen      total 66560K, used 4068K [0x00000000ebe80000, 0x00000000f2a80000, 0x0000000100000000)
  eden space 62464K, 0% used [0x00000000ebe80000,0x00000000ebe80000,0x00000000efb80000)
  from space 4096K, 99% used [0x00000000efb80000,0x00000000eff792d8,0x00000000eff80000)
  to   space 5120K, 0% used [0x00000000f2580000,0x00000000f2580000,0x00000000f2a80000)
 ParOldGen       total 40960K, used 5394K [0x00000000c3c00000, 0x00000000c6400000, 0x00000000ebe80000)
  object space 40960K, 13% used [0x00000000c3c00000,0x00000000c4144af0,0x00000000c6400000)
 PSPermGen       total 21504K, used 14342K [0x00000000b9600000, 0x00000000bab00000, 0x00000000c3c00000)
  object space 21504K, 66% used [0x00000000b9600000,0x00000000ba401930,0x00000000bab00000)
}
Event: 6.004 GC heap before
{Heap before GC invocations=10 (full 0):
 PSYoungGen      total 66560K, used 66532K [0x00000000ebe80000, 0x00000000f2a80000, 0x0000000100000000)
  eden space 62464K, 100% used [0x00000000ebe80000,0x00000000efb80000,0x00000000efb80000)
  from space 4096K, 99% used [0x00000000efb80000,0x00000000eff792d8,0x00000000eff80000)
  to   space 5120K, 0% used [0x00000000f2580000,0x00000000f2580000,0x00000000f2a80000)
 ParOldGen       total 40960K, used 5394K [0x00000000c3c00000, 0x00000000c6400000, 0x00000000ebe80000)
  object space 40960K, 13% used [0x00000000c3c00000,0x00000000c4144af0,0x00000000c6400000)
 PSPermGen       total 21504K, used 16933K [0x00000000b9600000, 0x00000000bab00000, 0x00000000c3c00000)
  object space 21504K, 78% used [0x00000000b9600000,0x00000000ba689570,0x00000000bab00000)
Event: 6.115 GC heap after
Heap after GC invocations=10 (full 0):
 PSYoungGen      total 105472K, used 4591K [0x00000000ebe80000, 0x00000000f2a80000, 0x0000000100000000)
  eden space 100352K, 0% used [0x00000000ebe80000,0x00000000ebe80000,0x00000000f2080000)
  from space 5120K, 89% used [0x00000000f2580000,0x00000000f29fbf28,0x00000000f2a80000)
  to   space 5120K, 0% used [0x00000000f2080000,0x00000000f2080000,0x00000000f2580000)
 ParOldGen       total 40960K, used 6976K [0x00000000c3c00000, 0x00000000c6400000, 0x00000000ebe80000)
  object space 40960K, 17% used [0x00000000c3c00000,0x00000000c42d0318,0x00000000c6400000)
 PSPermGen       total 21504K, used 16933K [0x00000000b9600000, 0x00000000bab00000, 0x00000000c3c00000)
  object space 21504K, 78% used [0x00000000b9600000,0x00000000ba689570,0x00000000bab00000)
}
Event: 8.244 GC heap before
{Heap before GC invocations=11 (full 0):
 PSYoungGen      total 105472K, used 104943K [0x00000000ebe80000, 0x00000000f2a80000, 0x0000000100000000)
  eden space 100352K, 100% used [0x00000000ebe80000,0x00000000f2080000,0x00000000f2080000)
  from space 5120K, 89% used [0x00000000f2580000,0x00000000f29fbf28,0x00000000f2a80000)
  to   space 5120K, 0% used [0x00000000f2080000,0x00000000f2080000,0x00000000f2580000)
 ParOldGen       total 40960K, used 6976K [0x00000000c3c00000, 0x00000000c6400000, 0x00000000ebe80000)
  object space 40960K, 17% used [0x00000000c3c00000,0x00000000c42d0318,0x00000000c6400000)
 PSPermGen       total 21504K, used 19517K [0x00000000b9600000, 0x00000000bab00000, 0x00000000c3c00000)
  object space 21504K, 90% used [0x00000000b9600000,0x00000000ba90f6e0,0x00000000bab00000)
Event: 8.468 GC heap after
Heap after GC invocations=11 (full 0):
 PSYoungGen      total 105472K, used 3546K [0x00000000ebe80000, 0x00000000f6580000, 0x0000000100000000)
  eden space 100352K, 0% used [0x00000000ebe80000,0x00000000ebe80000,0x00000000f2080000)
  from space 5120K, 69% used [0x00000000f2080000,0x00000000f23f6808,0x00000000f2580000)
  to   space 5120K, 0% used [0x00000000f6080000,0x00000000f6080000,0x00000000f6580000)
 ParOldGen       total 40960K, used 8979K [0x00000000c3c00000, 0x00000000c6400000, 0x00000000ebe80000)
  object space 40960K, 21% used [0x00000000c3c00000,0x00000000c44c4e10,0x00000000c6400000)
 PSPermGen       total 21504K, used 19517K [0x00000000b9600000, 0x00000000bab00000, 0x00000000c3c00000)
  object space 21504K, 90% used [0x00000000b9600000,0x00000000ba90f6e0,0x00000000bab00000)
}
Event: 11.111 GC heap before
{Heap before GC invocations=12 (full 0):
 PSYoungGen      total 105472K, used 103898K [0x00000000ebe80000, 0x00000000f6580000, 0x0000000100000000)
  eden space 100352K, 100% used [0x00000000ebe80000,0x00000000f2080000,0x00000000f2080000)
  from space 5120K, 69% used [0x00000000f2080000,0x00000000f23f6808,0x00000000f2580000)
  to   space 5120K, 0% used [0x00000000f6080000,0x00000000f6080000,0x00000000f6580000)
 ParOldGen       total 40960K, used 8979K [0x00000000c3c00000, 0x00000000c6400000, 0x00000000ebe80000)
  object space 40960K, 21% used [0x00000000c3c00000,0x00000000c44c4e10,0x00000000c6400000)
 PSPermGen       total 27136K, used 26641K [0x00000000b9600000, 0x00000000bb080000, 0x00000000c3c00000)
  object space 27136K, 98% used [0x00000000b9600000,0x00000000bb004420,0x00000000bb080000)
Event: 11.129 GC heap after
Heap after GC invocations=12 (full 0):
 PSYoungGen      total 163840K, used 5112K [0x00000000ebe80000, 0x00000000f6980000, 0x0000000100000000)
  eden space 158720K, 0% used [0x00000000ebe80000,0x00000000ebe80000,0x00000000f5980000)
  from space 5120K, 99% used [0x00000000f6080000,0x00000000f657e0f0,0x00000000f6580000)
  to   space 7168K, 0% used [0x00000000f5980000,0x00000000f5980000,0x00000000f6080000)
 ParOldGen       total 40960K, used 12495K [0x00000000c3c00000, 0x00000000c6400000, 0x00000000ebe80000)
  object space 40960K, 30% used [0x00000000c3c00000,0x00000000c4833ed0,0x00000000c6400000)
 PSPermGen       total 27136K, used 26641K [0x00000000b9600000, 0x00000000bb080000, 0x00000000c3c00000)
  object space 27136K, 98% used [0x00000000b9600000,0x00000000bb004420,0x00000000bb080000)
}
Event: 17.042 GC heap before
{Heap before GC invocations=13 (full 0):
 PSYoungGen      total 163840K, used 163832K [0x00000000ebe80000, 0x00000000f6980000, 0x0000000100000000)
  eden space 158720K, 100% used [0x00000000ebe80000,0x00000000f5980000,0x00000000f5980000)
  from space 5120K, 99% used [0x00000000f6080000,0x00000000f657e0f0,0x00000000f6580000)
  to   space 7168K, 0% used [0x00000000f5980000,0x00000000f5980000,0x00000000f6080000)
 ParOldGen       total 40960K, used 12495K [0x00000000c3c00000, 0x00000000c6400000, 0x00000000ebe80000)
  object space 40960K, 30% used [0x00000000c3c00000,0x00000000c4833ed0,0x00000000c6400000)
 PSPermGen       total 36352K, used 36116K [0x00000000b9600000, 0x00000000bb980000, 0x00000000c3c00000)
  object space 36352K, 99% used [0x00000000b9600000,0x00000000bb945048,0x00000000bb980000)

Deoptimization events (10 events):
Event: 12.942 Thread 0x00007fa8a400a000 Uncommon trap: reason=null_check action=make_not_entrant pc=0x00007fa8a07fef14 method=org.springframework.core.annotation.AnnotationUtils.isInterfaceWithAnnotatedMethods(Ljava/lang/Class;)Z @ 9
Event: 12.947 Thread 0x00007fa8a400a000 Uncommon trap: reason=unreached action=reinterpret pc=0x00007fa8a0767268 method=org.springframework.beans.factory.support.AbstractBeanFactory.getMergedBeanDefinition(Ljava/lang/String;Lorg/springframework/beans/factory/config/BeanDefinition;Lorg/springfra
Event: 12.978 Thread 0x00007fa8a400a000 Uncommon trap: reason=unreached action=reinterpret pc=0x00007fa8a06ba01c method=java.lang.ThreadLocal$ThreadLocalMap.getEntry(Ljava/lang/ThreadLocal;)Ljava/lang/ThreadLocal$ThreadLocalMap$Entry; @ 29
Event: 13.181 Thread 0x00007fa8a400a000 Uncommon trap: reason=class_check action=maybe_recompile pc=0x00007fa8a06a44c4 method=org.springframework.beans.MutablePropertyValues.<init>(Lorg/springframework/beans/PropertyValues;)V @ 14
Event: 13.208 Thread 0x00007fa8a400a000 Uncommon trap: reason=unreached action=reinterpret pc=0x00007fa8a0803c48 method=org.springframework.core.ResolvableType.resolve(Ljava/lang/Class;)Ljava/lang/Class; @ 4
Event: 15.301 Thread 0x00007fa8a400a000 Uncommon trap: reason=unreached action=reinterpret pc=0x00007fa8a08004cc method=org.springframework.core.ResolvableType.resolve(Ljava/lang/Class;)Ljava/lang/Class; @ 4
Event: 15.352 Thread 0x00007fa8a400a000 Uncommon trap: reason=bimorphic action=maybe_recompile pc=0x00007fa8a07968ac method=java.util.HashMap.putForCreate(Ljava/lang/Object;Ljava/lang/Object;)V @ 97
Event: 15.360 Thread 0x00007fa8a400a000 Uncommon trap: reason=bimorphic action=maybe_recompile pc=0x00007fa8a07968ac method=java.util.HashMap.putForCreate(Ljava/lang/Object;Ljava/lang/Object;)V @ 97
Event: 15.363 Thread 0x00007fa8a400a000 Uncommon trap: reason=bimorphic action=maybe_recompile pc=0x00007fa8a07968ac method=java.util.HashMap.putForCreate(Ljava/lang/Object;Ljava/lang/Object;)V @ 97
Event: 17.034 Thread 0x00007fa8a400a000 Uncommon trap: reason=unreached action=reinterpret pc=0x00007fa8a0812a74 method=org.springframework.core.annotation.AnnotationUtils.getAnnotation(Ljava/lang/reflect/AnnotatedElement;Ljava/lang/Class;)Ljava/lang/annotation/Annotation; @ 52

Internal exceptions (10 events):
Event: 17.033 Thread 0x00007fa8a400a000 Threw 0x00000000f58cddd8 at /build/buildd/openjdk-7-7u71-2.5.3/build/openjdk/hotspot/src/share/vm/prims/jvm.cpp:1284
Event: 17.035 Thread 0x00007fa8a400a000 Threw 0x00000000f58ee240 at /build/buildd/openjdk-7-7u71-2.5.3/build/openjdk/hotspot/src/share/vm/prims/jvm.cpp:1284
Event: 17.036 Thread 0x00007fa8a400a000 Threw 0x00000000f5901c60 at /build/buildd/openjdk-7-7u71-2.5.3/build/openjdk/hotspot/src/share/vm/prims/jvm.cpp:1284
Event: 17.036 Thread 0x00007fa8a400a000 Threw 0x00000000f590ee80 at /build/buildd/openjdk-7-7u71-2.5.3/build/openjdk/hotspot/src/share/vm/prims/jvm.cpp:1284
Event: 17.037 Thread 0x00007fa8a400a000 Threw 0x00000000f591c490 at /build/buildd/openjdk-7-7u71-2.5.3/build/openjdk/hotspot/src/share/vm/prims/jvm.cpp:1284
Event: 17.038 Thread 0x00007fa8a400a000 Threw 0x00000000f5930be0 at /build/buildd/openjdk-7-7u71-2.5.3/build/openjdk/hotspot/src/share/vm/prims/jvm.cpp:1284
Event: 17.038 Thread 0x00007fa8a400a000 Threw 0x00000000f593f5f0 at /build/buildd/openjdk-7-7u71-2.5.3/build/openjdk/hotspot/src/share/vm/prims/jvm.cpp:1284
Event: 17.039 Thread 0x00007fa8a400a000 Threw 0x00000000f594d618 at /build/buildd/openjdk-7-7u71-2.5.3/build/openjdk/hotspot/src/share/vm/prims/jvm.cpp:1284
Event: 17.039 Thread 0x00007fa8a400a000 Threw 0x00000000f595bca8 at /build/buildd/openjdk-7-7u71-2.5.3/build/openjdk/hotspot/src/share/vm/prims/jvm.cpp:1284
Event: 17.041 Thread 0x00007fa8a400a000 Threw 0x00000000f5974f50 at /build/buildd/openjdk-7-7u71-2.5.3/build/openjdk/hotspot/src/share/vm/prims/jvm.cpp:1284

Events (10 events):
Event: 17.038 loading class 0x00007fa8a503e380 done
Event: 17.038 loading class 0x00007fa8a49f6070
Event: 17.038 loading class 0x00007fa8a49f6070 done
Event: 17.039 loading class 0x00007fa8a501c1b0
Event: 17.039 loading class 0x00007fa8a501c1b0 done
Event: 17.039 loading class 0x00007fa8a501c3e0
Event: 17.039 loading class 0x00007fa8a501c3e0 done
Event: 17.041 loading class 0x00007fa8a5016450
Event: 17.041 loading class 0x00007fa8a5016450 done
Event: 17.041 Executing VM operation: ParallelGCFailedAllocation


Dynamic libraries:
00400000-00401000 r-xp 00000000 08:01 6558664                            /usr/lib/jvm/java-7-openjdk-amd64/jre/bin/java
00600000-00601000 r--p 00000000 08:01 6558664                            /usr/lib/jvm/java-7-openjdk-amd64/jre/bin/java
00601000-00602000 rw-p 00001000 08:01 6558664                            /usr/lib/jvm/java-7-openjdk-amd64/jre/bin/java
009a0000-009c1000 rw-p 00000000 00:00 0                                  [heap]
b9600000-bb980000 rw-p 00000000 00:00 0 
bb980000-c3c00000 rw-p 00000000 00:00 0 
c3c00000-c6400000 rw-p 00000000 00:00 0 
c6400000-ebe80000 rw-p 00000000 00:00 0 
ebe80000-f6980000 rw-p 00000000 00:00 0 
fcb80000-100000000 rw-p 00000000 00:00 0 
7fa860000000-7fa860021000 rw-p 00000000 00:00 0 
7fa860021000-7fa864000000 ---p 00000000 00:00 0 
7fa864000000-7fa864021000 rw-p 00000000 00:00 0 
7fa864021000-7fa868000000 ---p 00000000 00:00 0 
7fa868000000-7fa868021000 rw-p 00000000 00:00 0 
7fa868021000-7fa86c000000 ---p 00000000 00:00 0 
7fa86c000000-7fa86c021000 rw-p 00000000 00:00 0 
7fa86c021000-7fa870000000 ---p 00000000 00:00 0 
7fa870000000-7fa8716cc000 rw-p 00000000 00:00 0 
7fa8716cc000-7fa874000000 ---p 00000000 00:00 0 
7fa874000000-7fa875379000 rw-p 00000000 00:00 0 
7fa875379000-7fa878000000 ---p 00000000 00:00 0 
7fa878000000-7fa878021000 rw-p 00000000 00:00 0 
7fa878021000-7fa87c000000 ---p 00000000 00:00 0 
7fa87c000000-7fa87c021000 rw-p 00000000 00:00 0 
7fa87c021000-7fa880000000 ---p 00000000 00:00 0 
7fa880000000-7fa88023f000 rw-p 00000000 00:00 0 
7fa88023f000-7fa884000000 ---p 00000000 00:00 0 
7fa884000000-7fa884021000 rw-p 00000000 00:00 0 
7fa884021000-7fa888000000 ---p 00000000 00:00 0 
7fa888000000-7fa888021000 rw-p 00000000 00:00 0 
7fa888021000-7fa88c000000 ---p 00000000 00:00 0 
7fa88daba000-7fa88dabd000 ---p 00000000 00:00 0 
7fa88dabd000-7fa88dbbb000 rw-p 00000000 00:00 0                          [stack:6473]
7fa88dbbb000-7fa88dbbe000 ---p 00000000 00:00 0 
7fa88dbbe000-7fa88dcbc000 rw-p 00000000 00:00 0                          [stack:6472]
7fa88dcbc000-7fa88dcc4000 r-xp 00000000 08:01 6553775                    /usr/lib/jvm/java-7-openjdk-amd64/jre/lib/amd64/libmanagement.so
7fa88dcc4000-7fa88dec3000 ---p 00008000 08:01 6553775                    /usr/lib/jvm/java-7-openjdk-amd64/jre/lib/amd64/libmanagement.so
7fa88dec3000-7fa88dec4000 r--p 00007000 08:01 6553775                    /usr/lib/jvm/java-7-openjdk-amd64/jre/lib/amd64/libmanagement.so
7fa88dec4000-7fa88dec5000 rw-p 00008000 08:01 6553775                    /usr/lib/jvm/java-7-openjdk-amd64/jre/lib/amd64/libmanagement.so
7fa88dec5000-7fa88ded5000 r-xp 00000000 08:01 6553774                    /usr/lib/jvm/java-7-openjdk-amd64/jre/lib/amd64/libnio.so
7fa88ded5000-7fa88e0d5000 ---p 00010000 08:01 6553774                    /usr/lib/jvm/java-7-openjdk-amd64/jre/lib/amd64/libnio.so
7fa88e0d5000-7fa88e0d6000 r--p 00010000 08:01 6553774                    /usr/lib/jvm/java-7-openjdk-amd64/jre/lib/amd64/libnio.so
7fa88e0d6000-7fa88e0d7000 rw-p 00011000 08:01 6553774                    /usr/lib/jvm/java-7-openjdk-amd64/jre/lib/amd64/libnio.so
7fa88e0d7000-7fa88e114000 r-xp 00000000 08:01 19402732                   /lib/x86_64-linux-gnu/libpcre.so.3.13.1
7fa88e114000-7fa88e313000 ---p 0003d000 08:01 19402732                   /lib/x86_64-linux-gnu/libpcre.so.3.13.1
7fa88e313000-7fa88e314000 r--p 0003c000 08:01 19402732                   /lib/x86_64-linux-gnu/libpcre.so.3.13.1
7fa88e314000-7fa88e315000 rw-p 0003d000 08:01 19402732                   /lib/x86_64-linux-gnu/libpcre.so.3.13.1
7fa88e315000-7fa88e31c000 r-xp 00000000 08:01 6168359                    /usr/lib/x86_64-linux-gnu/libffi.so.6.0.1
7fa88e31c000-7fa88e51b000 ---p 00007000 08:01 6168359                    /usr/lib/x86_64-linux-gnu/libffi.so.6.0.1
7fa88e51b000-7fa88e51c000 r--p 00006000 08:01 6168359                    /usr/lib/x86_64-linux-gnu/libffi.so.6.0.1
7fa88e51c000-7fa88e51d000 rw-p 00007000 08:01 6168359                    /usr/lib/x86_64-linux-gnu/libffi.so.6.0.1
7fa88e51d000-7fa88e534000 r-xp 00000000 08:01 19402905                   /lib/x86_64-linux-gnu/libresolv-2.19.so
7fa88e534000-7fa88e734000 ---p 00017000 08:01 19402905                   /lib/x86_64-linux-gnu/libresolv-2.19.so
7fa88e734000-7fa88e735000 r--p 00017000 08:01 19402905                   /lib/x86_64-linux-gnu/libresolv-2.19.so
7fa88e735000-7fa88e736000 rw-p 00018000 08:01 19402905                   /lib/x86_64-linux-gnu/libresolv-2.19.so
7fa88e736000-7fa88e738000 rw-p 00000000 00:00 0 
7fa88e738000-7fa88e758000 r-xp 00000000 08:01 19402759                   /lib/x86_64-linux-gnu/libselinux.so.1
7fa88e758000-7fa88e957000 ---p 00020000 08:01 19402759                   /lib/x86_64-linux-gnu/libselinux.so.1
7fa88e957000-7fa88e958000 r--p 0001f000 08:01 19402759                   /lib/x86_64-linux-gnu/libselinux.so.1
7fa88e958000-7fa88e959000 rw-p 00020000 08:01 19402759                   /lib/x86_64-linux-gnu/libselinux.so.1
7fa88e959000-7fa88e95b000 rw-p 00000000 00:00 0 
7fa88e95b000-7fa88e95e000 r-xp 00000000 08:01 6160748                    /usr/lib/x86_64-linux-gnu/libgmodule-2.0.so.0.4002.0
7fa88e95e000-7fa88eb5d000 ---p 00003000 08:01 6160748                    /usr/lib/x86_64-linux-gnu/libgmodule-2.0.so.0.4002.0
7fa88eb5d000-7fa88eb5e000 r--p 00002000 08:01 6160748                    /usr/lib/x86_64-linux-gnu/libgmodule-2.0.so.0.4002.0
7fa88eb5e000-7fa88eb5f000 rw-p 00003000 08:01 6160748                    /usr/lib/x86_64-linux-gnu/libgmodule-2.0.so.0.4002.0
7fa88eb5f000-7fa88ec65000 r-xp 00000000 08:01 19402593                   /lib/x86_64-linux-gnu/libglib-2.0.so.0.4002.0
7fa88ec65000-7fa88ee64000 ---p 00106000 08:01 19402593                   /lib/x86_64-linux-gnu/libglib-2.0.so.0.4002.0
7fa88ee64000-7fa88ee65000 r--p 00105000 08:01 19402593                   /lib/x86_64-linux-gnu/libglib-2.0.so.0.4002.0
7fa88ee65000-7fa88ee66000 rw-p 00106000 08:01 19402593                   /lib/x86_64-linux-gnu/libglib-2.0.so.0.4002.0
7fa88ee66000-7fa88ee67000 rw-p 00000000 00:00 0 
7fa88ee67000-7fa88eeb6000 r-xp 00000000 08:01 6160766                    /usr/lib/x86_64-linux-gnu/libgobject-2.0.so.0.4002.0
7fa88eeb6000-7fa88f0b6000 ---p 0004f000 08:01 6160766                    /usr/lib/x86_64-linux-gnu/libgobject-2.0.so.0.4002.0
7fa88f0b6000-7fa88f0b7000 r--p 0004f000 08:01 6160766                    /usr/lib/x86_64-linux-gnu/libgobject-2.0.so.0.4002.0
7fa88f0b7000-7fa88f0b8000 rw-p 00050000 08:01 6160766                    /usr/lib/x86_64-linux-gnu/libgobject-2.0.so.0.4002.0
7fa88f0b8000-7fa88f224000 r-xp 00000000 08:01 6160770                    /usr/lib/x86_64-linux-gnu/libgio-2.0.so.0.4002.0
7fa88f224000-7fa88f423000 ---p 0016c000 08:01 6160770                    /usr/lib/x86_64-linux-gnu/libgio-2.0.so.0.4002.0
7fa88f423000-7fa88f427000 r--p 0016b000 08:01 6160770                    /usr/lib/x86_64-linux-gnu/libgio-2.0.so.0.4002.0
7fa88f427000-7fa88f429000 rw-p 0016f000 08:01 6160770                    /usr/lib/x86_64-linux-gnu/libgio-2.0.so.0.4002.0
7fa88f429000-7fa88f42b000 rw-p 00000000 00:00 0 
7fa88f439000-7fa88f43a000 rw-p 00000000 00:00 0 
7fa88f43a000-7fa88f43f000 r--s 0004c000 08:01 6553799                    /usr/lib/jvm/java-7-openjdk-amd64/jre/lib/jsse.jar
7fa88f43f000-7fa88f448000 r--s 000b9000 08:01 6553739                    /usr/lib/jvm/java-7-openjdk-amd64/jre/lib/resources.jar
7fa88f448000-7fa88f45f000 r-xp 00000000 08:01 6553759                    /usr/lib/jvm/java-7-openjdk-amd64/jre/lib/amd64/libnet.so
7fa88f45f000-7fa88f65e000 ---p 00017000 08:01 6553759                    /usr/lib/jvm/java-7-openjdk-amd64/jre/lib/amd64/libnet.so
7fa88f65e000-7fa88f65f000 r--p 00016000 08:01 6553759                    /usr/lib/jvm/java-7-openjdk-amd64/jre/lib/amd64/libnet.so
7fa88f65f000-7fa88f660000 rw-p 00017000 08:01 6553759                    /usr/lib/jvm/java-7-openjdk-amd64/jre/lib/amd64/libnet.so
7fa88f660000-7fa88f662000 r--s 0000e000 00:19 28314161                   /home/charaka/.m2/repository/org/apache/maven/surefire/surefire-junit4/2.17/surefire-junit4-2.17.jar
7fa88f662000-7fa88f67a000 r--s 00132000 00:19 28313849                   /home/charaka/.m2/repository/org/freemarker/freemarker/2.3.23/freemarker-2.3.23.jar
7fa88f67a000-7fa88f686000 r--s 0006f000 00:19 21628698                   /home/charaka/.m2/repository/org/springframework/spring-test/4.1.6.RELEASE/spring-test-4.1.6.RELEASE.jar
7fa88f686000-7fa88f687000 r--s 00000000 00:19 21628678                   /home/charaka/.m2/repository/org/springframework/boot/spring-boot-starter-test/1.2.3.RELEASE/spring-boot-starter-test-1.2.3.RELEASE.jar
7fa88f687000-7fa88f68f000 r--s 0003a000 00:19 22941023                   /home/charaka/.m2/repository/org/springframework/boot/spring-boot-actuator/1.2.3.RELEASE/spring-boot-actuator-1.2.3.RELEASE.jar
7fa88f68f000-7fa88f690000 r--s 00000000 00:19 22941021                   /home/charaka/.m2/repository/org/springframework/boot/spring-boot-starter-actuator/1.2.3.RELEASE/spring-boot-starter-actuator-1.2.3.RELEASE.jar
7fa88f690000-7fa88f699000 r--s 000e2000 00:19 28575873                   /home/charaka/.m2/repository/mysql/mysql-connector-java/5.1.34/mysql-connector-java-5.1.34.jar
7fa88f699000-7fa88f6a7000 r--s 0015a000 00:19 28313518                   /home/charaka/.m2/repository/org/hsqldb/hsqldb/2.3.2/hsqldb-2.3.2.jar
7fa88f6a7000-7fa88f6b0000 r--s 0004f000 00:19 21628608                   /home/charaka/.m2/repository/org/springframework/spring-aop/4.1.6.RELEASE/spring-aop-4.1.6.RELEASE.jar
7fa88f6b0000-7fa88f6ba000 r--s 0004b000 00:19 28576675                   /home/charaka/.m2/repository/org/springframework/security/spring-security-web/3.2.7.RELEASE/spring-security-web-3.2.7.RELEASE.jar
7fa88f6ba000-7fa88f6c5000 r--s 0004f000 00:19 28576677                   /home/charaka/.m2/repository/org/springframework/security/spring-security-core/3.2.7.RELEASE/spring-security-core-3.2.7.RELEASE.jar
7fa88f6c5000-7fa88f6c7000 r--s 00000000 00:19 20581367                   /home/charaka/.m2/repository/aopalliance/aopalliance/1.0/aopalliance-1.0.jar
7fa88f6c7000-7fa88f6ce000 r--s 0005d000 00:19 28576678                   /home/charaka/.m2/repository/org/springframework/security/spring-security-config/3.2.7.RELEASE/spring-security-config-3.2.7.RELEASE.jar
7fa88f6ce000-7fa88f6d3000 r--s 0003b000 00:19 21628626                   /home/charaka/.m2/repository/org/springframework/spring-expression/4.1.6.RELEASE/spring-expression-4.1.6.RELEASE.jar
7fa88f6d3000-7fa88f6eb000 r--s 000e3000 00:19 21628617                   /home/charaka/.m2/repository/org/springframework/spring-context/4.1.6.RELEASE/spring-context-4.1.6.RELEASE.jar
7fa88f6eb000-7fa88f6f8000 r--s 000a0000 00:19 21628612                   /home/charaka/.m2/repository/org/springframework/spring-beans/4.1.6.RELEASE/spring-beans-4.1.6.RELEASE.jar
7fa88f6f8000-7fa88f6f9000 r--s 00000000 00:19 28576674                   /home/charaka/.m2/repository/org/springframework/boot/spring-boot-starter-security/1.2.3.RELEASE/spring-boot-starter-security-1.2.3.RELEASE.jar
7fa88f6f9000-7fa88f6fb000 r--s 00006000 00:19 21365159                   /home/charaka/.m2/repository/com/google/code/findbugs/jsr305/2.0.1/jsr305-2.0.1.jar
7fa88f6fb000-7fa88f726000 r--s 001f5000 00:19 27526328                   /home/charaka/.m2/repository/com/google/guava/guava/16.0.1/guava-16.0.1.jar
7fa88f726000-7fa88f727000 r--s 00002000 00:19 21630776                   /home/charaka/.m2/repository/com/github/fge/btf/1.2/btf-1.2.jar
7fa88f727000-7fa88f729000 r--s 00008000 00:19 21630773                   /home/charaka/.m2/repository/com/github/fge/msg-simple/1.1/msg-simple-1.1.jar
7fa88f729000-7fa88f72b000 r--s 00006000 00:19 21630771                   /home/charaka/.m2/repository/com/github/fge/jackson-coreutils/1.6/jackson-coreutils-1.6.jar
7fa88f72b000-7fa88f72d000 r--s 00009000 00:19 21630769                   /home/charaka/.m2/repository/com/github/fge/json-patch/1.7/json-patch-1.7.jar
7fa88f72d000-7fa88f72f000 r--s 00002000 00:19 21630767                   /home/charaka/.m2/repository/org/atteo/evo-inflector/1.2/evo-inflector-1.2.jar
7fa88f72f000-7fa88f730000 r--s 00004000 00:19 21630765                   /home/charaka/.m2/repository/org/springframework/plugin/spring-plugin-core/1.1.0.RELEASE/spring-plugin-core-1.1.0.RELEASE.jar
7fa88f730000-7fa88f735000 r--s 00022000 00:19 21630764                   /home/charaka/.m2/repository/org/springframework/hateoas/spring-hateoas/0.16.0.RELEASE/spring-hateoas-0.16.0.RELEASE.jar
7fa88f735000-7fa88f739000 r--s 00017000 00:19 27526296                   /home/charaka/.m2/repository/org/springframework/data/spring-data-rest-core/2.2.2.RELEASE/spring-data-rest-core-2.2.2.RELEASE.jar
7fa88f739000-7fa88f73d000 r--s 00028000 00:19 27526294                   /home/charaka/.m2/repository/org/springframework/data/spring-data-rest-webmvc/2.2.2.RELEASE/spring-data-rest-webmvc-2.2.2.RELEASE.jar
7fa88f73d000-7fa88f744000 r--s 00037000 00:19 21628657                   /home/charaka/.m2/repository/org/springframework/spring-tx/4.1.6.RELEASE/spring-tx-4.1.6.RELEASE.jar
7fa88f744000-7fa88f747000 r--s 00007000 00:19 20978781                   /home/charaka/.m2/repository/com/fasterxml/jackson/core/jackson-annotations/2.4.5/jackson-annotations-2.4.5.jar
7fa88f747000-7fa88f748000 r--s 00000000 00:19 27526293                   /home/charaka/.m2/repository/org/springframework/boot/spring-boot-starter-data-rest/1.2.3.RELEASE/spring-boot-starter-data-rest-1.2.3.RELEASE.jar
7fa88f748000-7fa88f74a000 r--s 0000c000 00:19 27526286                   /home/charaka/.m2/repository/org/springframework/spring-aspects/4.1.6.RELEASE/spring-aspects-4.1.6.RELEASE.jar
7fa88f74a000-7fa88f74c000 r--s 00003000 00:19 21628564                   /home/charaka/.m2/repository/org/slf4j/jcl-over-slf4j/1.7.11/jcl-over-slf4j-1.7.11.jar
7fa88f74c000-7fa88f759000 r--s 0006e000 00:19 27526279                   /home/charaka/.m2/repository/org/springframework/data/spring-data-commons/1.9.2.RELEASE/spring-data-commons-1.9.2.RELEASE.jar
7fa88f759000-7fa88f75f000 r--s 00031000 00:19 27526273                   /home/charaka/.m2/repository/org/springframework/data/spring-data-jpa/1.7.2.RELEASE/spring-data-jpa-1.7.2.RELEASE.jar
7fa88f75f000-7fa88f767000 r--s 00054000 00:19 27526271                   /home/charaka/.m2/repository/org/springframework/spring-orm/4.1.6.RELEASE/spring-orm-4.1.6.RELEASE.jar
7fa88f767000-7fa88f769000 r--s 00006000 00:19 21630761                   /home/charaka/.m2/repository/javax/transaction/javax.transaction-api/1.2/javax.transaction-api-1.2.jar
7fa88f769000-7fa88f773000 r--s 000a5000 00:19 21630759                   /home/charaka/.m2/repository/org/javassist/javassist/3.18.1-GA/javassist-3.18.1-GA.jar
7fa88f773000-7fa88f778000 r--s 00017000 00:19 21630757                   /home/charaka/.m2/repository/org/hibernate/javax/persistence/hibernate-jpa-2.1-api/1.0.0.Final/hibernate-jpa-2.1-api-1.0.0.Final.jar
7fa88f778000-7fa88f77b000 r--s 00010000 00:19 21630755                   /home/charaka/.m2/repository/org/hibernate/common/hibernate-commons-annotations/4.0.5.Final/hibernate-commons-annotations-4.0.5.Final.jar
7fa88f77b000-7fa88f780000 r--s 00016000 00:19 20186637                   /home/charaka/.m2/repository/xml-apis/xml-apis/1.0.b2/xml-apis-1.0.b2.jar
7fa88f780000-7fa88f785000 r--s 00048000 00:19 20186635                   /home/charaka/.m2/repository/dom4j/dom4j/1.6.1/dom4j-1.6.1.jar
7fa88f785000-7fa88f787000 r--s 00011000 00:19 21630754                   /home/charaka/.m2/repository/org/jboss/jandex/1.1.0.Final/jandex-1.1.0.Final.jar
7fa88f787000-7fa88f78c000 r--s 00068000 00:19 20186742                   /home/charaka/.m2/repository/antlr/antlr/2.7.7/antlr-2.7.7.jar
7fa88f78c000-7fa88f7ea000 r--s 004aa000 00:19 27397452                   /home/charaka/.m2/repository/org/hibernate/hibernate-core/4.3.8.Final/hibernate-core-4.3.8.Final.jar
7fa88f7ea000-7fa88f7f8000 r--s 00091000 00:19 27142016                   /home/charaka/.m2/repository/org/hibernate/hibernate-entitymanager/4.3.8.Final/hibernate-entitymanager-4.3.8.Final.jar
7fa88f7f8000-7fa88f7fa000 r--s 00009000 00:19 21628650                   /home/charaka/.m2/repository/org/apache/tomcat/tomcat-juli/8.0.20/tomcat-juli-8.0.20.jar
7fa88f7fa000-7fa88f804000 r--s 0005f000 00:19 21628636                   /home/charaka/.m2/repository/org/springframework/spring-jdbc/4.1.6.RELEASE/spring-jdbc-4.1.6.RELEASE.jar
7fa88f804000-7fa88f81c000 r--s 001af000 00:19 25570610                   /home/charaka/.m2/repository/org/aspectj/aspectjweaver/1.8.5/aspectjweaver-1.8.5.jar
7fa88f81c000-7fa88f81d000 ---p 00000000 00:00 0 
7fa88f81d000-7fa88f91d000 rw-p 00000000 00:00 0                          [stack:6471]
7fa88f91d000-7fa890000000 r--p 00000000 08:01 6167122                    /usr/lib/locale/locale-archive
7fa890000000-7fa890021000 rw-p 00000000 00:00 0 
7fa890021000-7fa894000000 ---p 00000000 00:00 0 
7fa894000000-7fa894021000 rw-p 00000000 00:00 0 
7fa894021000-7fa898000000 ---p 00000000 00:00 0 
7fa898000000-7fa898021000 rw-p 00000000 00:00 0 
7fa898021000-7fa89c000000 ---p 00000000 00:00 0 
7fa89c000000-7fa89c001000 r--s 00002000 00:19 21630752                   /home/charaka/.m2/repository/org/jboss/logging/jboss-logging-annotations/1.2.0.Beta1/jboss-logging-annotations-1.2.0.Beta1.jar
7fa89c001000-7fa89c003000 r--s 0001f000 00:19 21628640                   /home/charaka/.m2/repository/org/apache/tomcat/tomcat-jdbc/8.0.20/tomcat-jdbc-8.0.20.jar
7fa89c003000-7fa89c004000 r--s 00000000 00:19 21628630                   /home/charaka/.m2/repository/org/springframework/boot/spring-boot-starter-jdbc/1.2.3.RELEASE/spring-boot-starter-jdbc-1.2.3.RELEASE.jar
7fa89c004000-7fa89c008000 r--s 00019000 00:19 22287400                   /home/charaka/.m2/repository/org/aspectj/aspectjrt/1.8.5/aspectjrt-1.8.5.jar
7fa89c008000-7fa89c009000 r--s 00000000 00:19 21760819                   /home/charaka/.m2/repository/org/springframework/boot/spring-boot-starter-aop/1.2.3.RELEASE/spring-boot-starter-aop-1.2.3.RELEASE.jar
7fa89c009000-7fa89c00a000 r--s 00000000 00:19 21630750                   /home/charaka/.m2/repository/org/springframework/boot/spring-boot-starter-data-jpa/1.2.3.RELEASE/spring-boot-starter-data-jpa-1.2.3.RELEASE.jar
7fa89c00a000-7fa89c010000 r--s 00036000 00:19 20318530                   /home/charaka/.m2/repository/org/apache/tomcat/embed/tomcat-embed-websocket/8.0.20/tomcat-embed-websocket-8.0.20.jar
7fa89c010000-7fa89c012000 r--s 00009000 00:19 20318529                   /home/charaka/.m2/repository/org/apache/tomcat/embed/tomcat-embed-logging-juli/8.0.20/tomcat-embed-logging-juli-8.0.20.jar
7fa89c012000-7fa89c016000 r--s 00036000 00:19 20318527                   /home/charaka/.m2/repository/org/apache/tomcat/embed/tomcat-embed-el/8.0.20/tomcat-embed-el-8.0.20.jar
7fa89c016000-7fa89c03b000 r--s 00290000 00:19 20318526                   /home/charaka/.m2/repository/org/apache/tomcat/embed/tomcat-embed-core/8.0.20/tomcat-embed-core-8.0.20.jar
7fa89c03b000-7fa89c04a000 r--s 000b0000 00:19 21628621                   /home/charaka/.m2/repository/org/springframework/spring-webmvc/4.1.6.RELEASE/spring-webmvc-4.1.6.RELEASE.jar
7fa89c04a000-7fa89c05a000 r--s 000a0000 00:19 21628602                   /home/charaka/.m2/repository/org/springframework/spring-web/4.1.6.RELEASE/spring-web-4.1.6.RELEASE.jar
7fa89c05a000-7fa89c06f000 r--s 000e2000 00:19 21628598                   /home/charaka/.m2/repository/org/springframework/spring-core/4.1.6.RELEASE/spring-core-4.1.6.RELEASE.jar
7fa89c06f000-7fa89c071000 r--s 0000d000 00:19 21105108                   /home/charaka/.m2/repository/com/fasterxml/classmate/1.0.0/classmate-1.0.0.jar
7fa89c071000-7fa89c073000 r--s 0000c000 00:19 21105107                   /home/charaka/.m2/repository/org/jboss/logging/jboss-logging/3.1.3.GA/jboss-logging-3.1.3.GA.jar
7fa89c073000-7fa89c077000 r--s 0000c000 00:19 20318533                   /home/charaka/.m2/repository/javax/validation/validation-api/1.1.0.Final/validation-api-1.1.0.Final.jar
7fa89c077000-7fa89c085000 r--s 0008d000 00:19 20978784                   /home/charaka/.m2/repository/org/hibernate/hibernate-validator/5.1.3.Final/hibernate-validator-5.1.3.Final.jar
7fa89c085000-7fa89c096000 r--s 000f6000 00:19 20842805                   /home/charaka/.m2/repository/com/fasterxml/jackson/core/jackson-databind/2.4.5/jackson-databind-2.4.5.jar
7fa89c096000-7fa89c09d000 r--s 0003d000 00:19 19926816                   /home/charaka/.m2/repository/org/yaml/snakeyaml/1.14/snakeyaml-1.14.jar
7fa89c09d000-7fa89c0a8000 r--s 00065000 00:19 21628583                   /home/charaka/.m2/repository/ch/qos/logback/logback-core/1.1.3/logback-core-1.1.3.jar
7fa89c0a8000-7fa89c0ae000 r--s 0003f000 00:19 21628580                   /home/charaka/.m2/repository/ch/qos/logback/logback-classic/1.1.3/logback-classic-1.1.3.jar
7fa89c0ae000-7fa89c0be000 r--s 0006b000 00:19 21628544                   /home/charaka/.m2/repository/org/springframework/boot/spring-boot-autoconfigure/1.2.3.RELEASE/spring-boot-autoconfigure-1.2.3.RELEASE.jar
7fa89c0be000-7fa89c0c8000 r--s 0005e000 00:19 21628550                   /home/charaka/.m2/repository/org/springframework/boot/spring-boot/1.2.3.RELEASE/spring-boot-1.2.3.RELEASE.jar
7fa89c0c8000-7fa89c0cb000 ---p 00000000 00:00 0 
7fa89c0cb000-7fa89c1c9000 rw-p 00000000 00:00 0                          [stack:6470]
7fa89c1c9000-7fa89c1cc000 ---p 00000000 00:00 0 
7fa89c1cc000-7fa89c2ca000 rw-p 00000000 00:00 0                          [stack:6469]
7fa89c2ca000-7fa89c2cd000 ---p 00000000 00:00 0 
7fa89c2cd000-7fa89c3cb000 rw-p 00000000 00:00 0                          [stack:6468]
7fa89c3cb000-7fa89c3ce000 ---p 00000000 00:00 0 
7fa89c3ce000-7fa89c4cc000 rw-p 00000000 00:00 0                          [stack:6467]
7fa89c4cc000-7fa89c4cf000 ---p 00000000 00:00 0 
7fa89c4cf000-7fa89c5cd000 rw-p 00000000 00:00 0                          [stack:6466]
7fa89c5cd000-7fa89c5d0000 ---p 00000000 00:00 0 
7fa89c5d0000-7fa89c6ce000 rw-p 00000000 00:00 0                          [stack:6465]
7fa89c6ce000-7fa89c6cf000 ---p 00000000 00:00 0 
7fa89c6cf000-7fa89d727000 rw-p 00000000 00:00 0                          [stack:6464]
7fa89d727000-7fa89d8d8000 r--s 01d25000 08:01 6556600                    /usr/lib/jvm/java-7-openjdk-amd64/jre/lib/rt.jar
7fa89d8d8000-7fa89ff2e000 rw-p 00000000 00:00 0 
7fa89ff2e000-7fa89ff2f000 ---p 00000000 00:00 0 
7fa89ff2f000-7fa8a002f000 rw-p 00000000 00:00 0                          [stack:6463]
7fa8a002f000-7fa8a0030000 ---p 00000000 00:00 0 
7fa8a0030000-7fa8a0130000 rw-p 00000000 00:00 0                          [stack:6462]
7fa8a0130000-7fa8a0131000 ---p 00000000 00:00 0 
7fa8a0131000-7fa8a0231000 rw-p 00000000 00:00 0                          [stack:6461]
7fa8a0231000-7fa8a0232000 ---p 00000000 00:00 0 
7fa8a0232000-7fa8a0344000 rw-p 00000000 00:00 0                          [stack:6460]
7fa8a0344000-7fa8a0385000 rw-p 00000000 00:00 0 
7fa8a0385000-7fa8a0397000 rw-p 00000000 00:00 0 
7fa8a0397000-7fa8a03d8000 rw-p 00000000 00:00 0 
7fa8a03d8000-7fa8a03ec000 rw-p 00000000 00:00 0 
7fa8a03ec000-7fa8a0519000 rw-p 00000000 00:00 0 
7fa8a0519000-7fa8a056f000 rw-p 00000000 00:00 0 
7fa8a056f000-7fa8a05ba000 rw-p 00000000 00:00 0 
7fa8a05ba000-7fa8a05bb000 rw-p 00000000 00:00 0 
7fa8a05bb000-7fa8a082b000 rwxp 00000000 00:00 0 
7fa8a082b000-7fa8a35bb000 rw-p 00000000 00:00 0 
7fa8a35bb000-7fa8a35c3000 r-xp 00000000 08:01 6553748                    /usr/lib/jvm/java-7-openjdk-amd64/jre/lib/amd64/libzip.so
7fa8a35c3000-7fa8a37c2000 ---p 00008000 08:01 6553748                    /usr/lib/jvm/java-7-openjdk-amd64/jre/lib/amd64/libzip.so
7fa8a37c2000-7fa8a37c3000 r--p 00007000 08:01 6553748                    /usr/lib/jvm/java-7-openjdk-amd64/jre/lib/amd64/libzip.so
7fa8a37c3000-7fa8a37c4000 rw-p 00008000 08:01 6553748                    /usr/lib/jvm/java-7-openjdk-amd64/jre/lib/amd64/libzip.so
7fa8a37c4000-7fa8a37cf000 r-xp 00000000 08:01 19402919                   /lib/x86_64-linux-gnu/libnss_files-2.19.so
7fa8a37cf000-7fa8a39ce000 ---p 0000b000 08:01 19402919                   /lib/x86_64-linux-gnu/libnss_files-2.19.so
7fa8a39ce000-7fa8a39cf000 r--p 0000a000 08:01 19402919                   /lib/x86_64-linux-gnu/libnss_files-2.19.so
7fa8a39cf000-7fa8a39d0000 rw-p 0000b000 08:01 19402919                   /lib/x86_64-linux-gnu/libnss_files-2.19.so
7fa8a39d0000-7fa8a39db000 r-xp 00000000 08:01 19402920                   /lib/x86_64-linux-gnu/libnss_nis-2.19.so
7fa8a39db000-7fa8a3bda000 ---p 0000b000 08:01 19402920                   /lib/x86_64-linux-gnu/libnss_nis-2.19.so
7fa8a3bda000-7fa8a3bdb000 r--p 0000a000 08:01 19402920                   /lib/x86_64-linux-gnu/libnss_nis-2.19.so
7fa8a3bdb000-7fa8a3bdc000 rw-p 0000b000 08:01 19402920                   /lib/x86_64-linux-gnu/libnss_nis-2.19.so
7fa8a3bdc000-7fa8a3bf3000 r-xp 00000000 08:01 19402906                   /lib/x86_64-linux-gnu/libnsl-2.19.so
7fa8a3bf3000-7fa8a3df2000 ---p 00017000 08:01 19402906                   /lib/x86_64-linux-gnu/libnsl-2.19.so
7fa8a3df2000-7fa8a3df3000 r--p 00016000 08:01 19402906                   /lib/x86_64-linux-gnu/libnsl-2.19.so
7fa8a3df3000-7fa8a3df4000 rw-p 00017000 08:01 19402906                   /lib/x86_64-linux-gnu/libnsl-2.19.so
7fa8a3df4000-7fa8a3df6000 rw-p 00000000 00:00 0 
7fa8a3df6000-7fa8a3dff000 r-xp 00000000 08:01 19402903                   /lib/x86_64-linux-gnu/libnss_compat-2.19.so
7fa8a3dff000-7fa8a3ffe000 ---p 00009000 08:01 19402903                   /lib/x86_64-linux-gnu/libnss_compat-2.19.so
7fa8a3ffe000-7fa8a3fff000 r--p 00008000 08:01 19402903                   /lib/x86_64-linux-gnu/libnss_compat-2.19.so
7fa8a3fff000-7fa8a4000000 rw-p 00009000 08:01 19402903                   /lib/x86_64-linux-gnu/libnss_compat-2.19.so
7fa8a4000000-7fa8a506e000 rw-p 00000000 00:00 0 
7fa8a506e000-7fa8a8000000 ---p 00000000 00:00 0 
7fa8a8000000-7fa8a8001000 r--s 00000000 00:19 21628593                   /home/charaka/.m2/repository/org/springframework/boot/spring-boot-starter-tomcat/1.2.3.RELEASE/spring-boot-starter-tomcat-1.2.3.RELEASE.jar
7fa8a8001000-7fa8a8005000 r--s 00034000 00:19 20978783                   /home/charaka/.m2/repository/com/fasterxml/jackson/core/jackson-core/2.4.5/jackson-core-2.4.5.jar
7fa8a8005000-7fa8a8006000 r--s 00005000 00:19 21628588                   /home/charaka/.m2/repository/org/slf4j/log4j-over-slf4j/1.7.11/log4j-over-slf4j-1.7.11.jar
7fa8a8006000-7fa8a8008000 r--s 00000000 00:19 21628571                   /home/charaka/.m2/repository/org/slf4j/jul-to-slf4j/1.7.11/jul-to-slf4j-1.7.11.jar
7fa8a8008000-7fa8a8009000 r--s 00000000 00:19 21628556                   /home/charaka/.m2/repository/org/springframework/boot/spring-boot-starter-logging/1.2.3.RELEASE/spring-boot-starter-logging-1.2.3.RELEASE.jar
7fa8a8009000-7fa8a800a000 r--s 00000000 00:19 21628554                   /home/charaka/.m2/repository/org/springframework/boot/spring-boot-starter/1.2.3.RELEASE/spring-boot-starter-1.2.3.RELEASE.jar
7fa8a800a000-7fa8a800b000 r--s 00000000 00:19 21628542                   /home/charaka/.m2/repository/org/springframework/boot/spring-boot-starter-web/1.2.3.RELEASE/spring-boot-starter-web-1.2.3.RELEASE.jar
7fa8a800b000-7fa8a800c000 r--s 0000c000 00:19 21628691                   /home/charaka/.m2/repository/org/hamcrest/hamcrest-library/1.3/hamcrest-library-1.3.jar
7fa8a800c000-7fa8a800d000 r--s 00002000 00:19 28442804                   /home/charaka/.m2/repository/com/jayway/jsonpath/json-path-assert/0.9.1/json-path-assert-0.9.1.jar
7fa8a800d000-7fa8a800f000 r--s 0000c000 00:19 28442806                   /home/charaka/.m2/repository/net/minidev/json-smart/1.2/json-smart-1.2.jar
7fa8a800f000-7fa8a8012000 r--s 00015000 00:19 28442805                   /home/charaka/.m2/repository/com/jayway/jsonpath/json-path/0.9.1/json-path-0.9.1.jar
7fa8a8012000-7fa8a8014000 r--s 00009000 00:19 21628687                   /home/charaka/.m2/repository/org/objenesis/objenesis/2.1/objenesis-2.1.jar
7fa8a8014000-7fa8a8030000 r--s 00103000 00:19 21628682                   /home/charaka/.m2/repository/org/mockito/mockito-core/1.10.19/mockito-core-1.10.19.jar
7fa8a8030000-7fa8a8038000 r--s 00045000 00:19 21497803                   /home/charaka/.m2/repository/junit/junit/4.12/junit-4.12.jar
7fa8a8038000-7fa8a803e000 r--s 00045000 00:19 21235613                   /home/charaka/.m2/repository/org/hamcrest/hamcrest-all/1.3/hamcrest-all-1.3.jar
7fa8a803e000-7fa8a8042000 r--s 00020000 00:19 20449223                   /home/charaka/.m2/repository/org/apache/maven/surefire/surefire-api/2.17/surefire-api-2.17.jar
7fa8a8042000-7fa8a8046000 r--s 0003c000 08:01 6556377                    /usr/lib/jvm/java-7-openjdk-amd64/jre/lib/ext/sunpkcs11.jar
7fa8a8046000-7fa8a805a000 rw-p 00000000 00:00 0 
7fa8a805a000-7fa8a8188000 rw-p 00000000 00:00 0 
7fa8a8188000-7fa8a81b3000 r-xp 00000000 08:01 6553758                    /usr/lib/jvm/java-7-openjdk-amd64/jre/lib/amd64/libjava.so
7fa8a81b3000-7fa8a83b2000 ---p 0002b000 08:01 6553758                    /usr/lib/jvm/java-7-openjdk-amd64/jre/lib/amd64/libjava.so
7fa8a83b2000-7fa8a83b3000 r--p 0002a000 08:01 6553758                    /usr/lib/jvm/java-7-openjdk-amd64/jre/lib/amd64/libjava.so
7fa8a83b3000-7fa8a83b5000 rw-p 0002b000 08:01 6553758                    /usr/lib/jvm/java-7-openjdk-amd64/jre/lib/amd64/libjava.so
7fa8a83b5000-7fa8a83c5000 r-xp 00000000 08:01 6553773                    /usr/lib/jvm/java-7-openjdk-amd64/jre/lib/amd64/libverify.so
7fa8a83c5000-7fa8a85c4000 ---p 00010000 08:01 6553773                    /usr/lib/jvm/java-7-openjdk-amd64/jre/lib/amd64/libverify.so
7fa8a85c4000-7fa8a85c6000 r--p 0000f000 08:01 6553773                    /usr/lib/jvm/java-7-openjdk-amd64/jre/lib/amd64/libverify.so
7fa8a85c6000-7fa8a85c7000 rw-p 00011000 08:01 6553773                    /usr/lib/jvm/java-7-openjdk-amd64/jre/lib/amd64/libverify.so
7fa8a85c7000-7fa8a85ce000 r-xp 00000000 08:01 19402908                   /lib/x86_64-linux-gnu/librt-2.19.so
7fa8a85ce000-7fa8a87cd000 ---p 00007000 08:01 19402908                   /lib/x86_64-linux-gnu/librt-2.19.so
7fa8a87cd000-7fa8a87ce000 r--p 00006000 08:01 19402908                   /lib/x86_64-linux-gnu/librt-2.19.so
7fa8a87ce000-7fa8a87cf000 rw-p 00007000 08:01 19402908                   /lib/x86_64-linux-gnu/librt-2.19.so
7fa8a87cf000-7fa8a87e5000 r-xp 00000000 08:01 19402599                   /lib/x86_64-linux-gnu/libgcc_s.so.1
7fa8a87e5000-7fa8a89e4000 ---p 00016000 08:01 19402599                   /lib/x86_64-linux-gnu/libgcc_s.so.1
7fa8a89e4000-7fa8a89e5000 rw-p 00015000 08:01 19402599                   /lib/x86_64-linux-gnu/libgcc_s.so.1
7fa8a89e5000-7fa8a8aea000 r-xp 00000000 08:01 19402915                   /lib/x86_64-linux-gnu/libm-2.19.so
7fa8a8aea000-7fa8a8ce9000 ---p 00105000 08:01 19402915                   /lib/x86_64-linux-gnu/libm-2.19.so
7fa8a8ce9000-7fa8a8cea000 r--p 00104000 08:01 19402915                   /lib/x86_64-linux-gnu/libm-2.19.so
7fa8a8cea000-7fa8a8ceb000 rw-p 00105000 08:01 19402915                   /lib/x86_64-linux-gnu/libm-2.19.so
7fa8a8ceb000-7fa8a8dd1000 r-xp 00000000 08:01 6168987                    /usr/lib/x86_64-linux-gnu/libstdc++.so.6.0.19
7fa8a8dd1000-7fa8a8fd0000 ---p 000e6000 08:01 6168987                    /usr/lib/x86_64-linux-gnu/libstdc++.so.6.0.19
7fa8a8fd0000-7fa8a8fd8000 r--p 000e5000 08:01 6168987                    /usr/lib/x86_64-linux-gnu/libstdc++.so.6.0.19
7fa8a8fd8000-7fa8a8fda000 rw-p 000ed000 08:01 6168987                    /usr/lib/x86_64-linux-gnu/libstdc++.so.6.0.19
7fa8a8fda000-7fa8a8fef000 rw-p 00000000 00:00 0 
7fa8a8fef000-7fa8a9b05000 r-xp 00000000 08:01 6553780                    /usr/lib/jvm/java-7-openjdk-amd64/jre/lib/amd64/server/libjvm.so
7fa8a9b05000-7fa8a9d04000 ---p 00b16000 08:01 6553780                    /usr/lib/jvm/java-7-openjdk-amd64/jre/lib/amd64/server/libjvm.so
7fa8a9d04000-7fa8a9d9e000 r--p 00b15000 08:01 6553780                    /usr/lib/jvm/java-7-openjdk-amd64/jre/lib/amd64/server/libjvm.so
7fa8a9d9e000-7fa8a9dc1000 rw-p 00baf000 08:01 6553780                    /usr/lib/jvm/java-7-openjdk-amd64/jre/lib/amd64/server/libjvm.so
7fa8a9dc1000-7fa8a9def000 rw-p 00000000 00:00 0 
7fa8a9def000-7fa8a9e07000 r-xp 00000000 08:01 19402792                   /lib/x86_64-linux-gnu/libz.so.1.2.8
7fa8a9e07000-7fa8aa006000 ---p 00018000 08:01 19402792                   /lib/x86_64-linux-gnu/libz.so.1.2.8
7fa8aa006000-7fa8aa007000 r--p 00017000 08:01 19402792                   /lib/x86_64-linux-gnu/libz.so.1.2.8
7fa8aa007000-7fa8aa008000 rw-p 00018000 08:01 19402792                   /lib/x86_64-linux-gnu/libz.so.1.2.8
7fa8aa008000-7fa8aa021000 r-xp 00000000 08:01 19402925                   /lib/x86_64-linux-gnu/libpthread-2.19.so
7fa8aa021000-7fa8aa220000 ---p 00019000 08:01 19402925                   /lib/x86_64-linux-gnu/libpthread-2.19.so
7fa8aa220000-7fa8aa221000 r--p 00018000 08:01 19402925                   /lib/x86_64-linux-gnu/libpthread-2.19.so
7fa8aa221000-7fa8aa222000 rw-p 00019000 08:01 19402925                   /lib/x86_64-linux-gnu/libpthread-2.19.so
7fa8aa222000-7fa8aa226000 rw-p 00000000 00:00 0 
7fa8aa226000-7fa8aa229000 r-xp 00000000 08:01 19402924                   /lib/x86_64-linux-gnu/libdl-2.19.so
7fa8aa229000-7fa8aa428000 ---p 00003000 08:01 19402924                   /lib/x86_64-linux-gnu/libdl-2.19.so
7fa8aa428000-7fa8aa429000 r--p 00002000 08:01 19402924                   /lib/x86_64-linux-gnu/libdl-2.19.so
7fa8aa429000-7fa8aa42a000 rw-p 00003000 08:01 19402924                   /lib/x86_64-linux-gnu/libdl-2.19.so
7fa8aa42a000-7fa8aa5e5000 r-xp 00000000 08:01 19402912                   /lib/x86_64-linux-gnu/libc-2.19.so
7fa8aa5e5000-7fa8aa7e5000 ---p 001bb000 08:01 19402912                   /lib/x86_64-linux-gnu/libc-2.19.so
7fa8aa7e5000-7fa8aa7e9000 r--p 001bb000 08:01 19402912                   /lib/x86_64-linux-gnu/libc-2.19.so
7fa8aa7e9000-7fa8aa7eb000 rw-p 001bf000 08:01 19402912                   /lib/x86_64-linux-gnu/libc-2.19.so
7fa8aa7eb000-7fa8aa7f0000 rw-p 00000000 00:00 0 
7fa8aa7f0000-7fa8aa7fd000 r-xp 00000000 08:01 6553755                    /usr/lib/jvm/java-7-openjdk-amd64/jre/lib/amd64/jli/libjli.so
7fa8aa7fd000-7fa8aa9fc000 ---p 0000d000 08:01 6553755                    /usr/lib/jvm/java-7-openjdk-amd64/jre/lib/amd64/jli/libjli.so
7fa8aa9fc000-7fa8aa9fd000 r--p 0000c000 08:01 6553755                    /usr/lib/jvm/java-7-openjdk-amd64/jre/lib/amd64/jli/libjli.so
7fa8aa9fd000-7fa8aa9fe000 rw-p 0000d000 08:01 6553755                    /usr/lib/jvm/java-7-openjdk-amd64/jre/lib/amd64/jli/libjli.so
7fa8aa9fe000-7fa8aaa21000 r-xp 00000000 08:01 19402913                   /lib/x86_64-linux-gnu/ld-2.19.so
7fa8aaa21000-7fa8aaa22000 r--s 00007000 00:19 21628566                   /home/charaka/.m2/repository/org/slf4j/slf4j-api/1.7.11/slf4j-api-1.7.11.jar
7fa8aaa22000-7fa8aaa24000 r--s 00009000 00:19 20581379                   /home/charaka/.m2/repository/org/hamcrest/hamcrest-core/1.3/hamcrest-core-1.3.jar
7fa8aaa24000-7fa8aaa45000 rw-p 00000000 00:00 0 
7fa8aaa45000-7fa8aaafb000 rw-p 00000000 00:00 0 
7fa8aaafb000-7fa8aaafe000 ---p 00000000 00:00 0 
7fa8aaafe000-7fa8aac01000 rw-p 00000000 00:00 0                          [stack:6459]
7fa8aac01000-7fa8aac03000 r--s 00008000 00:19 20449222                   /home/charaka/.m2/repository/org/apache/maven/surefire/surefire-booter/2.17/surefire-booter-2.17.jar
7fa8aac03000-7fa8aac04000 r--s 00002000 00:19 28442850                   /home/charaka/Desktop/AppsOfLuna/SimpleApps/git/appsofluna-simpleapps/target/surefire/surefirebooter6508991010175982139.jar
7fa8aac04000-7fa8aac06000 r--s 00006000 08:01 6558762                    /usr/share/java/java-atk-wrapper.jar
7fa8aac06000-7fa8aac08000 r--s 00012000 08:01 6556355                    /usr/lib/jvm/java-7-openjdk-amd64/jre/lib/ext/zipfs.jar
7fa8aac08000-7fa8aac0c000 r--s 00085000 08:01 6556435                    /usr/lib/jvm/java-7-openjdk-amd64/jre/lib/ext/localedata.jar
7fa8aac0c000-7fa8aac0d000 r--s 00002000 08:01 6556541                    /usr/lib/jvm/java-7-openjdk-amd64/jre/lib/ext/dnsns.jar
7fa8aac0d000-7fa8aac11000 r--s 00034000 08:01 6556458                    /usr/lib/jvm/java-7-openjdk-amd64/jre/lib/ext/sunjce_provider.jar
7fa8aac11000-7fa8aac14000 r--s 0000f000 08:01 6556303                    /usr/lib/jvm/java-7-openjdk-amd64/jre/lib/ext/icedtea-sound.jar
7fa8aac14000-7fa8aac1c000 rw-s 00000000 08:01 4063305                    /tmp/hsperfdata_charaka/6458
7fa8aac1c000-7fa8aac1d000 rw-p 00000000 00:00 0 
7fa8aac1d000-7fa8aac1e000 ---p 00000000 00:00 0 
7fa8aac1e000-7fa8aac20000 rw-p 00000000 00:00 0 
7fa8aac20000-7fa8aac21000 r--p 00022000 08:01 19402913                   /lib/x86_64-linux-gnu/ld-2.19.so
7fa8aac21000-7fa8aac22000 rw-p 00023000 08:01 19402913                   /lib/x86_64-linux-gnu/ld-2.19.so
7fa8aac22000-7fa8aac23000 rw-p 00000000 00:00 0 
7fff3494b000-7fff3496c000 rw-p 00000000 00:00 0                          [stack]
7fff349fe000-7fff34a00000 r-xp 00000000 00:00 0                          [vdso]
ffffffffff600000-ffffffffff601000 r-xp 00000000 00:00 0                  [vsyscall]

VM Arguments:
java_command: /home/charaka/Desktop/AppsOfLuna/SimpleApps/git/appsofluna-simpleapps/target/surefire/surefirebooter6508991010175982139.jar /home/charaka/Desktop/AppsOfLuna/SimpleApps/git/appsofluna-simpleapps/target/surefire/surefire2920466259801442278tmp /home/charaka/Desktop/AppsOfLuna/SimpleApps/git/appsofluna-simpleapps/target/surefire/surefire_06981544246890262113tmp
Launcher Type: SUN_STANDARD

Environment Variables:
JAVA_HOME=/usr/lib/jvm/java-7-openjdk-amd64
PATH=/usr/local/sbin:/usr/local/bin:/usr/sbin:/usr/bin:/sbin:/bin:/usr/games:/usr/local/games
LD_LIBRARY_PATH=/usr/lib/jvm/java-7-openjdk-amd64/bin/../jre/lib/amd64:/usr/lib/jvm/java-7-openjdk-amd64/bin/../jre/lib/i386:
SHELL=/bin/bash
DISPLAY=:0.0

Signal Handlers:
SIGSEGV: [libjvm.so+0x9495e0], sa_mask[0]=0x7ffbfeff, sa_flags=0x10000004
SIGBUS: [libjvm.so+0x9495e0], sa_mask[0]=0x7ffbfeff, sa_flags=0x10000004
SIGFPE: [libjvm.so+0x7c3410], sa_mask[0]=0x7ffbfeff, sa_flags=0x10000004
SIGPIPE: [libjvm.so+0x7c3410], sa_mask[0]=0x7ffbfeff, sa_flags=0x10000004
SIGXFSZ: [libjvm.so+0x7c3410], sa_mask[0]=0x7ffbfeff, sa_flags=0x10000004
SIGILL: [libjvm.so+0x7c3410], sa_mask[0]=0x7ffbfeff, sa_flags=0x10000004
SIGUSR1: SIG_DFL, sa_mask[0]=0x00000000, sa_flags=0x00000000
SIGUSR2: [libjvm.so+0x7c32b0], sa_mask[0]=0x00000004, sa_flags=0x10000004
SIGHUP: [libjvm.so+0x7c3490], sa_mask[0]=0x7ffbfeff, sa_flags=0x10000004
SIGINT: SIG_IGN, sa_mask[0]=0x00000000, sa_flags=0x00000000
SIGTERM: [libjvm.so+0x7c3490], sa_mask[0]=0x7ffbfeff, sa_flags=0x10000004
SIGQUIT: [libjvm.so+0x7c3490], sa_mask[0]=0x7ffbfeff, sa_flags=0x10000004
SIGTRAP: SIG_DFL, sa_mask[0]=0x00000000, sa_flags=0x00000000


---------------  S Y S T E M  ---------------

OS:Ubuntu 14.04 (trusty)
uname:Linux 3.13.0-32-generic #57-Ubuntu SMP Tue Jul 15 03:51:08 UTC 2014 x86_64
libc:glibc 2.19 NPTL 2.19 
rlimit: STACK 8192k, CORE 0k, NPROC 30591, NOFILE 4096, AS infinity
load average:1.12 0.73 0.62

/proc/meminfo:
MemTotal:        3945452 kB
MemFree:          104496 kB
Buffers:             848 kB
Cached:           474784 kB
SwapCached:            0 kB
Active:          3161880 kB
Inactive:         458900 kB
Active(anon):    3147916 kB
Inactive(anon):   423360 kB
Active(file):      13964 kB
Inactive(file):    35540 kB
Unevictable:          48 kB
Mlocked:              48 kB
SwapTotal:             0 kB
SwapFree:              0 kB
Dirty:               296 kB
Writeback:             0 kB
AnonPages:       3145976 kB
Mapped:           199240 kB
Shmem:            425744 kB
Slab:              88220 kB
SReclaimable:      37436 kB
SUnreclaim:        50784 kB
KernelStack:        6224 kB
PageTables:        51368 kB
NFS_Unstable:          0 kB
Bounce:                0 kB
WritebackTmp:          0 kB
CommitLimit:     1972724 kB
Committed_AS:    8412864 kB
VmallocTotal:   34359738367 kB
VmallocUsed:      544028 kB
VmallocChunk:   34359189004 kB
HardwareCorrupted:     0 kB
AnonHugePages:   1523712 kB
HugePages_Total:       0
HugePages_Free:        0
HugePages_Rsvd:        0
HugePages_Surp:        0
Hugepagesize:       2048 kB
DirectMap4k:       66304 kB
DirectMap2M:     4026368 kB


CPU:total 4 (2 cores per cpu, 2 threads per core) family 6 model 42 stepping 7, cmov, cx8, fxsr, mmx, sse, sse2, sse3, ssse3, sse4.1, sse4.2, popcnt, avx, ht, tsc, tscinvbit

/proc/cpuinfo:
processor	: 0
vendor_id	: GenuineIntel
cpu family	: 6
model		: 42
model name	: Intel(R) Core(TM) i3-2370M CPU @ 2.40GHz
stepping	: 7
microcode	: 0x25
cpu MHz		: 800.000
cache size	: 3072 KB
physical id	: 0
siblings	: 4
core id		: 0
cpu cores	: 2
apicid		: 0
initial apicid	: 0
fpu		: yes
fpu_exception	: yes
cpuid level	: 13
wp		: yes
flags		: fpu vme de pse tsc msr pae mce cx8 apic sep mtrr pge mca cmov pat pse36 clflush dts acpi mmx fxsr sse sse2 ss ht tm pbe syscall nx rdtscp lm constant_tsc arch_perfmon pebs bts rep_good nopl xtopology nonstop_tsc aperfmperf eagerfpu pni pclmulqdq dtes64 monitor ds_cpl vmx est tm2 ssse3 cx16 xtpr pdcm pcid sse4_1 sse4_2 x2apic popcnt tsc_deadline_timer xsave avx lahf_lm arat epb xsaveopt pln pts dtherm tpr_shadow vnmi flexpriority ept vpid
bogomips	: 4789.43
clflush size	: 64
cache_alignment	: 64
address sizes	: 36 bits physical, 48 bits virtual
power management:

processor	: 1
vendor_id	: GenuineIntel
cpu family	: 6
model		: 42
model name	: Intel(R) Core(TM) i3-2370M CPU @ 2.40GHz
stepping	: 7
microcode	: 0x25
cpu MHz		: 800.000
cache size	: 3072 KB
physical id	: 0
siblings	: 4
core id		: 0
cpu cores	: 2
apicid		: 1
initial apicid	: 1
fpu		: yes
fpu_exception	: yes
cpuid level	: 13
wp		: yes
flags		: fpu vme de pse tsc msr pae mce cx8 apic sep mtrr pge mca cmov pat pse36 clflush dts acpi mmx fxsr sse sse2 ss ht tm pbe syscall nx rdtscp lm constant_tsc arch_perfmon pebs bts rep_good nopl xtopology nonstop_tsc aperfmperf eagerfpu pni pclmulqdq dtes64 monitor ds_cpl vmx est tm2 ssse3 cx16 xtpr pdcm pcid sse4_1 sse4_2 x2apic popcnt tsc_deadline_timer xsave avx lahf_lm arat epb xsaveopt pln pts dtherm tpr_shadow vnmi flexpriority ept vpid
bogomips	: 4789.43
clflush size	: 64
cache_alignment	: 64
address sizes	: 36 bits physical, 48 bits virtual
power management:

processor	: 2
vendor_id	: GenuineIntel
cpu family	: 6
model		: 42
model name	: Intel(R) Core(TM) i3-2370M CPU @ 2.40GHz
stepping	: 7
microcode	: 0x25
cpu MHz		: 2400.000
cache size	: 3072 KB
physical id	: 0
siblings	: 4
core id		: 1
cpu cores	: 2
apicid		: 2
initial apicid	: 2
fpu		: yes
fpu_exception	: yes
cpuid level	: 13
wp		: yes
flags		: fpu vme de pse tsc msr pae mce cx8 apic sep mtrr pge mca cmov pat pse36 clflush dts acpi mmx fxsr sse sse2 ss ht tm pbe syscall nx rdtscp lm constant_tsc arch_perfmon pebs bts rep_good nopl xtopology nonstop_tsc aperfmperf eagerfpu pni pclmulqdq dtes64 monitor ds_cpl vmx est tm2 ssse3 cx16 xtpr pdcm pcid sse4_1 sse4_2 x2apic popcnt tsc_deadline_timer xsave avx lahf_lm arat epb xsaveopt pln pts dtherm tpr_shadow vnmi flexpriority ept vpid
bogomips	: 4789.43
clflush size	: 64
cache_alignment	: 64
address sizes	: 36 bits physical, 48 bits virtual
power management:

processor	: 3
vendor_id	: GenuineIntel
cpu family	: 6
model		: 42
model name	: Intel(R) Core(TM) i3-2370M CPU @ 2.40GHz
stepping	: 7
microcode	: 0x25
cpu MHz		: 1200.000
cache size	: 3072 KB
physical id	: 0
siblings	: 4
core id		: 1
cpu cores	: 2
apicid		: 3
initial apicid	: 3
fpu		: yes
fpu_exception	: yes
cpuid level	: 13
wp		: yes
flags		: fpu vme de pse tsc msr pae mce cx8 apic sep mtrr pge mca cmov pat pse36 clflush dts acpi mmx fxsr sse sse2 ss ht tm pbe syscall nx rdtscp lm constant_tsc arch_perfmon pebs bts rep_good nopl xtopology nonstop_tsc aperfmperf eagerfpu pni pclmulqdq dtes64 monitor ds_cpl vmx est tm2 ssse3 cx16 xtpr pdcm pcid sse4_1 sse4_2 x2apic popcnt tsc_deadline_timer xsave avx lahf_lm arat epb xsaveopt pln pts dtherm tpr_shadow vnmi flexpriority ept vpid
bogomips	: 4789.43
clflush size	: 64
cache_alignment	: 64
address sizes	: 36 bits physical, 48 bits virtual
power management:



Memory: 4k page, physical 3945452k(104496k free), swap 0k(0k free)

vm_info: OpenJDK 64-Bit Server VM (24.65-b04) for linux-amd64 JRE (1.7.0_65-b32), built on Oct 22 2014 04:37:44 by "buildd" with gcc 4.8.2

time: Sat Jan  9 09:53:42 2016
elapsed time: 17 seconds

