#
# There is insufficient memory for the Java Runtime Environment to continue.
# Native memory allocation (malloc) failed to allocate 114819072 bytes for committing reserved memory.
# Possible reasons:
#   The system is out of physical RAM or swap space
#   In 32 bit mode, the process size limit was hit
# Possible solutions:
#   Reduce memory load on the system
#   Increase physical memory or swap space
#   Check if swap backing store is full
#   Use 64 bit Java on a 64 bit OS
#   Decrease Java heap size (-Xmx/-Xms)
#   Decrease number of Java threads
#   Decrease Java thread stack sizes (-Xss)
#   Set larger code cache with -XX:ReservedCodeCacheSize=
# This output file may be truncated or incomplete.
#
#  Out of Memory Error (os_linux.cpp:2798), pid=6319, tid=140479592081152
#
# JRE version: OpenJDK Runtime Environment (7.0_65-b32) (build 1.7.0_65-b32)
# Java VM: OpenJDK 64-Bit Server VM (24.65-b04 mixed mode linux-amd64 compressed oops)
# Derivative: IcedTea 2.5.3
# Distribution: Ubuntu 14.04 LTS, package 7u71-2.5.3-0ubuntu0.14.04.1
# Failed to write core dump. Core dumps have been disabled. To enable core dumping, try "ulimit -c unlimited" before starting Java again
#

---------------  T H R E A D  ---------------

Current thread (0x00007fc3f8141800):  VMThread [stack: 0x00007fc3f41f2000,0x00007fc3f42f3000] [id=6325]

Stack: [0x00007fc3f41f2000,0x00007fc3f42f3000],  sp=0x00007fc3f42f1490,  free space=1021k
Native frames: (J=compiled Java code, j=interpreted, Vv=VM code, C=native code)
V  [libjvm.so+0x948b05]  VMError::report_and_die()+0x175
V  [libjvm.so+0x48bc34]  report_vm_out_of_memory(char const*, int, unsigned long, char const*)+0x74
V  [libjvm.so+0x7c7bfb]  os::pd_commit_memory(char*, unsigned long, unsigned long, bool)+0xeb
V  [libjvm.so+0x7c26bf]  os::commit_memory(char*, unsigned long, unsigned long, bool)+0x1f
V  [libjvm.so+0x833e4b]  PSVirtualSpace::expand_by(unsigned long)+0x5b
V  [libjvm.so+0x834ca0]  PSYoungGen::resize_generation(unsigned long, unsigned long)+0xb0
V  [libjvm.so+0x83538b]  PSYoungGen::resize(unsigned long, unsigned long)+0x1b
V  [libjvm.so+0x831670]  PSScavenge::invoke_no_policy()+0xde0
V  [libjvm.so+0x831e48]  PSScavenge::invoke()+0x38
V  [libjvm.so+0x7e8823]  ParallelScavengeHeap::failed_mem_allocate(unsigned long)+0x63
V  [libjvm.so+0x94a504]  VM_ParallelGCFailedAllocation::doit()+0x84
V  [libjvm.so+0x94e9f7]  VM_Operation::evaluate()+0x47
V  [libjvm.so+0x94d368]  VMThread::evaluate_operation(VM_Operation*)+0x318
V  [libjvm.so+0x94d7c9]  VMThread::loop()+0x219
V  [libjvm.so+0x94dc12]  VMThread::run()+0x72
V  [libjvm.so+0x7c4ac2]  java_start(Thread*)+0xf2

VM_Operation (0x00007fc3e715bfb0): ParallelGCFailedAllocation, mode: safepoint, requested by thread 0x00007fc3b0002800


---------------  P R O C E S S  ---------------

Java Threads: ( => current thread )
  0x00007fc3b0002800 JavaThread "localhost-startStop-1" daemon [_thread_blocked, id=6335, stack(0x00007fc3e7063000,0x00007fc3e7164000)]
  0x00007fc3f85c3800 JavaThread "Tomcat-startStop-1" daemon [_thread_blocked, id=6334, stack(0x00007fc3e767b000,0x00007fc3e777c000)]
  0x00007fc3f859e800 JavaThread "FileSystemWatcher: files=#16 cl=sun.misc.Launcher$AppClassLoader@6db0d235" daemon [_thread_blocked, id=6333, stack(0x00007fc3ece33000,0x00007fc3ecf34000)]
  0x00007fc3f852c800 JavaThread "Service Thread" daemon [_thread_blocked, id=6331, stack(0x00007fc3ed03e000,0x00007fc3ed13f000)]
  0x00007fc3f852a000 JavaThread "C2 CompilerThread1" daemon [_thread_blocked, id=6330, stack(0x00007fc3ed13f000,0x00007fc3ed240000)]
  0x00007fc3f8531000 JavaThread "C2 CompilerThread0" daemon [_thread_blocked, id=6329, stack(0x00007fc3ed240000,0x00007fc3ed341000)]
  0x00007fc3f8174800 JavaThread "Signal Dispatcher" daemon [_thread_blocked, id=6328, stack(0x00007fc3ed3cb000,0x00007fc3ed4cc000)]
  0x00007fc3f8148000 JavaThread "Finalizer" daemon [_thread_blocked, id=6327, stack(0x00007fc3edbaf000,0x00007fc3edcb0000)]
  0x00007fc3f8146000 JavaThread "Reference Handler" daemon [_thread_blocked, id=6326, stack(0x00007fc3f40f1000,0x00007fc3f41f2000)]
  0x00007fc3f800f000 JavaThread "main" [_thread_blocked, id=6320, stack(0x00007fc40057d000,0x00007fc40067e000)]

Other Threads:
=>0x00007fc3f8141800 VMThread [stack: 0x00007fc3f41f2000,0x00007fc3f42f3000] [id=6325]
  0x00007fc3f854c800 WatcherThread [stack: 0x00007fc3ecf3d000,0x00007fc3ed03e000] [id=6332]

VM state:at safepoint (normal execution)

VM Mutex/Monitor currently owned by a thread:  ([mutex/lock_event])
[0x00007fc3f800b6a0] Threads_lock - owner thread: 0x00007fc3f8141800
[0x00007fc3f800bba0] Heap_lock - owner thread: 0x00007fc3b0002800

Heap
 PSYoungGen      total 208384K, used 6623K [0x00000000ebe80000, 0x00000000f9280000, 0x0000000100000000)
  eden space 200704K, 0% used [0x00000000ebe80000,0x00000000ebe80000,0x00000000f8280000)
  from space 7680K, 86% used [0x00000000f8280000,0x00000000f88f7f88,0x00000000f8a00000)
  to   space 6656K, 0% used [0x00000000f8a00000,0x00000000f8a00000,0x00000000f9080000)
 ParOldGen       total 40960K, used 9750K [0x00000000c3c00000, 0x00000000c6400000, 0x00000000ebe80000)
  object space 40960K, 23% used [0x00000000c3c00000,0x00000000c4585988,0x00000000c6400000)
 PSPermGen       total 24576K, used 24417K [0x00000000b9600000, 0x00000000bae00000, 0x00000000c3c00000)
  object space 24576K, 99% used [0x00000000b9600000,0x00000000badd87c0,0x00000000bae00000)

Card table byte_map: [0x00007fc3fcd84000,0x00007fc3fcfba000] byte_map_base: 0x00007fc3fc7b9000

Polling page: 0x00007fc40069f000

Code Cache  [0x00007fc3f5000000, 0x00007fc3f5320000, 0x00007fc3f8000000)
 total_blobs=1047 nmethods=733 adapters=266 free_code_cache=46259Kb largest_free_block=47075072

Compilation events (10 events):
Event: 12.816 Thread 0x00007fc3f852a000 nmethod 794 0x00007fc3f5142190 code [0x00007fc3f5142360, 0x00007fc3f5142c50]
Event: 12.821 Thread 0x00007fc3f8531000 nmethod 797 0x00007fc3f5188f50 code [0x00007fc3f5189180, 0x00007fc3f51895e0]
Event: 12.822 Thread 0x00007fc3f852a000  798             java.lang.reflect.Method::hashCode (19 bytes)
Event: 12.827 Thread 0x00007fc3f852a000 nmethod 798 0x00007fc3f52fa250 code [0x00007fc3f52fa3c0, 0x00007fc3f52fa708]
Event: 12.828 Thread 0x00007fc3f8531000  799             sun.misc.ProxyGenerator::access$400 (5 bytes)
Event: 12.829 Thread 0x00007fc3f8531000 nmethod 799 0x00007fc3f52fa050 code [0x00007fc3f52fa180, 0x00007fc3f52fa1d8]
Event: 12.836 Thread 0x00007fc3f852a000  800             java.lang.Class$MethodArray::length (5 bytes)
Event: 12.837 Thread 0x00007fc3f852a000 nmethod 800 0x00007fc3f5188d50 code [0x00007fc3f5188e80, 0x00007fc3f5188ed8]
Event: 12.876 Thread 0x00007fc3f8531000  801             java.lang.reflect.Field::getDeclaringClass (5 bytes)
Event: 12.877 Thread 0x00007fc3f8531000 nmethod 801 0x00007fc3f5188ad0 code [0x00007fc3f5188c00, 0x00007fc3f5188c58]

GC Heap History (10 events):
Event: 2.904 GC heap after
Heap after GC invocations=6 (full 0):
 PSYoungGen      total 67072K, used 4086K [0x00000000ebe80000, 0x00000000f0580000, 0x0000000100000000)
  eden space 62976K, 0% used [0x00000000ebe80000,0x00000000ebe80000,0x00000000efc00000)
  from space 4096K, 99% used [0x00000000f0080000,0x00000000f047da28,0x00000000f0480000)
  to   space 4608K, 0% used [0x00000000efc00000,0x00000000efc00000,0x00000000f0080000)
 ParOldGen       total 40960K, used 1297K [0x00000000c3c00000, 0x00000000c6400000, 0x00000000ebe80000)
  object space 40960K, 3% used [0x00000000c3c00000,0x00000000c3d444e0,0x00000000c6400000)
 PSPermGen       total 21504K, used 10753K [0x00000000b9600000, 0x00000000bab00000, 0x00000000c3c00000)
  object space 21504K, 50% used [0x00000000b9600000,0x00000000ba080688,0x00000000bab00000)
}
Event: 3.840 GC heap before
{Heap before GC invocations=7 (full 0):
 PSYoungGen      total 67072K, used 63280K [0x00000000ebe80000, 0x00000000f0580000, 0x0000000100000000)
  eden space 62976K, 93% used [0x00000000ebe80000,0x00000000ef84e8b0,0x00000000efc00000)
  from space 4096K, 99% used [0x00000000f0080000,0x00000000f047da28,0x00000000f0480000)
  to   space 4608K, 0% used [0x00000000efc00000,0x00000000efc00000,0x00000000f0080000)
 ParOldGen       total 40960K, used 1297K [0x00000000c3c00000, 0x00000000c6400000, 0x00000000ebe80000)
  object space 40960K, 3% used [0x00000000c3c00000,0x00000000c3d444e0,0x00000000c6400000)
 PSPermGen       total 21504K, used 11039K [0x00000000b9600000, 0x00000000bab00000, 0x00000000c3c00000)
  object space 21504K, 51% used [0x00000000b9600000,0x00000000ba0c7d60,0x00000000bab00000)
Event: 3.853 GC heap after
Heap after GC invocations=7 (full 0):
 PSYoungGen      total 67584K, used 3615K [0x00000000ebe80000, 0x00000000f4380000, 0x0000000100000000)
  eden space 62976K, 0% used [0x00000000ebe80000,0x00000000ebe80000,0x00000000efc00000)
  from space 4608K, 78% used [0x00000000efc00000,0x00000000eff87f38,0x00000000f0080000)
  to   space 5120K, 0% used [0x00000000f3e80000,0x00000000f3e80000,0x00000000f4380000)
 ParOldGen       total 40960K, used 2209K [0x00000000c3c00000, 0x00000000c6400000, 0x00000000ebe80000)
  object space 40960K, 5% used [0x00000000c3c00000,0x00000000c3e287f8,0x00000000c6400000)
 PSPermGen       total 21504K, used 11039K [0x00000000b9600000, 0x00000000bab00000, 0x00000000c3c00000)
  object space 21504K, 51% used [0x00000000b9600000,0x00000000ba0c7d60,0x00000000bab00000)
}
Event: 4.379 GC heap before
{Heap before GC invocations=8 (full 0):
 PSYoungGen      total 67584K, used 66591K [0x00000000ebe80000, 0x00000000f4380000, 0x0000000100000000)
  eden space 62976K, 100% used [0x00000000ebe80000,0x00000000efc00000,0x00000000efc00000)
  from space 4608K, 78% used [0x00000000efc00000,0x00000000eff87f38,0x00000000f0080000)
  to   space 5120K, 0% used [0x00000000f3e80000,0x00000000f3e80000,0x00000000f4380000)
 ParOldGen       total 40960K, used 2209K [0x00000000c3c00000, 0x00000000c6400000, 0x00000000ebe80000)
  object space 40960K, 5% used [0x00000000c3c00000,0x00000000c3e287f8,0x00000000c6400000)
 PSPermGen       total 21504K, used 11836K [0x00000000b9600000, 0x00000000bab00000, 0x00000000c3c00000)
  object space 21504K, 55% used [0x00000000b9600000,0x00000000ba18f020,0x00000000bab00000)
Event: 4.386 GC heap after
Heap after GC invocations=8 (full 0):
 PSYoungGen      total 131072K, used 4010K [0x00000000ebe80000, 0x00000000f4380000, 0x0000000100000000)
  eden space 125952K, 0% used [0x00000000ebe80000,0x00000000ebe80000,0x00000000f3980000)
  from space 5120K, 78% used [0x00000000f3e80000,0x00000000f426abb0,0x00000000f4380000)
  to   space 5120K, 0% used [0x00000000f3980000,0x00000000f3980000,0x00000000f3e80000)
 ParOldGen       total 40960K, used 2793K [0x00000000c3c00000, 0x00000000c6400000, 0x00000000ebe80000)
  object space 40960K, 6% used [0x00000000c3c00000,0x00000000c3eba7f8,0x00000000c6400000)
 PSPermGen       total 21504K, used 11836K [0x00000000b9600000, 0x00000000bab00000, 0x00000000c3c00000)
  object space 21504K, 55% used [0x00000000b9600000,0x00000000ba18f020,0x00000000bab00000)
}
Event: 6.849 GC heap before
{Heap before GC invocations=9 (full 0):
 PSYoungGen      total 131072K, used 129962K [0x00000000ebe80000, 0x00000000f4380000, 0x0000000100000000)
  eden space 125952K, 100% used [0x00000000ebe80000,0x00000000f3980000,0x00000000f3980000)
  from space 5120K, 78% used [0x00000000f3e80000,0x00000000f426abb0,0x00000000f4380000)
  to   space 5120K, 0% used [0x00000000f3980000,0x00000000f3980000,0x00000000f3e80000)
 ParOldGen       total 40960K, used 2793K [0x00000000c3c00000, 0x00000000c6400000, 0x00000000ebe80000)
  object space 40960K, 6% used [0x00000000c3c00000,0x00000000c3eba7f8,0x00000000c6400000)
 PSPermGen       total 21504K, used 15091K [0x00000000b9600000, 0x00000000bab00000, 0x00000000c3c00000)
  object space 21504K, 70% used [0x00000000b9600000,0x00000000ba4bcda0,0x00000000bab00000)
Event: 6.858 GC heap after
Heap after GC invocations=9 (full 0):
 PSYoungGen      total 131072K, used 5118K [0x00000000ebe80000, 0x00000000f9080000, 0x0000000100000000)
  eden space 125952K, 0% used [0x00000000ebe80000,0x00000000ebe80000,0x00000000f3980000)
  from space 5120K, 99% used [0x00000000f3980000,0x00000000f3e7fa90,0x00000000f3e80000)
  to   space 6656K, 0% used [0x00000000f8a00000,0x00000000f8a00000,0x00000000f9080000)
 ParOldGen       total 40960K, used 4944K [0x00000000c3c00000, 0x00000000c6400000, 0x00000000ebe80000)
  object space 40960K, 12% used [0x00000000c3c00000,0x00000000c40d41c8,0x00000000c6400000)
 PSPermGen       total 21504K, used 15091K [0x00000000b9600000, 0x00000000bab00000, 0x00000000c3c00000)
  object space 21504K, 70% used [0x00000000b9600000,0x00000000ba4bcda0,0x00000000bab00000)
}
Event: 8.978 GC heap before
{Heap before GC invocations=10 (full 0):
 PSYoungGen      total 131072K, used 131070K [0x00000000ebe80000, 0x00000000f9080000, 0x0000000100000000)
  eden space 125952K, 100% used [0x00000000ebe80000,0x00000000f3980000,0x00000000f3980000)
  from space 5120K, 99% used [0x00000000f3980000,0x00000000f3e7fa90,0x00000000f3e80000)
  to   space 6656K, 0% used [0x00000000f8a00000,0x00000000f8a00000,0x00000000f9080000)
 ParOldGen       total 40960K, used 4944K [0x00000000c3c00000, 0x00000000c6400000, 0x00000000ebe80000)
  object space 40960K, 12% used [0x00000000c3c00000,0x00000000c40d41c8,0x00000000c6400000)
 PSPermGen       total 21504K, used 18349K [0x00000000b9600000, 0x00000000bab00000, 0x00000000c3c00000)
  object space 21504K, 85% used [0x00000000b9600000,0x00000000ba7eb5e0,0x00000000bab00000)
Event: 8.993 GC heap after
Heap after GC invocations=10 (full 0):
 PSYoungGen      total 207360K, used 5785K [0x00000000ebe80000, 0x00000000f9280000, 0x0000000100000000)
  eden space 200704K, 0% used [0x00000000ebe80000,0x00000000ebe80000,0x00000000f8280000)
  from space 6656K, 86% used [0x00000000f8a00000,0x00000000f8fa64c0,0x00000000f9080000)
  to   space 7680K, 0% used [0x00000000f8280000,0x00000000f8280000,0x00000000f8a00000)
 ParOldGen       total 40960K, used 5949K [0x00000000c3c00000, 0x00000000c6400000, 0x00000000ebe80000)
  object space 40960K, 14% used [0x00000000c3c00000,0x00000000c41cf738,0x00000000c6400000)
 PSPermGen       total 21504K, used 18349K [0x00000000b9600000, 0x00000000bab00000, 0x00000000c3c00000)
  object space 21504K, 85% used [0x00000000b9600000,0x00000000ba7eb5e0,0x00000000bab00000)
}
Event: 13.006 GC heap before
{Heap before GC invocations=11 (full 0):
 PSYoungGen      total 207360K, used 206489K [0x00000000ebe80000, 0x00000000f9280000, 0x0000000100000000)
  eden space 200704K, 100% used [0x00000000ebe80000,0x00000000f8280000,0x00000000f8280000)
  from space 6656K, 86% used [0x00000000f8a00000,0x00000000f8fa64c0,0x00000000f9080000)
  to   space 7680K, 0% used [0x00000000f8280000,0x00000000f8280000,0x00000000f8a00000)
 ParOldGen       total 40960K, used 5949K [0x00000000c3c00000, 0x00000000c6400000, 0x00000000ebe80000)
  object space 40960K, 14% used [0x00000000c3c00000,0x00000000c41cf738,0x00000000c6400000)
 PSPermGen       total 24576K, used 24417K [0x00000000b9600000, 0x00000000bae00000, 0x00000000c3c00000)
  object space 24576K, 99% used [0x00000000b9600000,0x00000000badd87c0,0x00000000bae00000)

Deoptimization events (10 events):
Event: 10.961 Thread 0x00007fc3f800f000 Uncommon trap: reason=unreached action=reinterpret pc=0x00007fc3f514ada4 method=com.sun.org.apache.xerces.internal.util.SymbolTable.addSymbol([CII)Ljava/lang/String; @ 29
Event: 11.051 Thread 0x00007fc3f85c3800 Uncommon trap: reason=null_check action=make_not_entrant pc=0x00007fc3f517c0d0 method=java.lang.StringCoding.deref(Ljava/lang/ThreadLocal;)Ljava/lang/Object; @ 4
Event: 11.157 Thread 0x00007fc3b0002800 Uncommon trap: reason=class_check action=maybe_recompile pc=0x00007fc3f529d008 method=java.util.zip.InflaterInputStream.read([BII)I @ 100
Event: 11.157 Thread 0x00007fc3b0002800 Uncommon trap: reason=class_check action=maybe_recompile pc=0x00007fc3f529d008 method=java.util.zip.InflaterInputStream.read([BII)I @ 100
Event: 11.164 Thread 0x00007fc3b0002800 Uncommon trap: reason=class_check action=maybe_recompile pc=0x00007fc3f529d008 method=java.util.zip.InflaterInputStream.read([BII)I @ 100
Event: 11.165 Thread 0x00007fc3b0002800 Uncommon trap: reason=class_check action=maybe_recompile pc=0x00007fc3f529d008 method=java.util.zip.InflaterInputStream.read([BII)I @ 100
Event: 11.840 Thread 0x00007fc3b0002800 Uncommon trap: reason=null_check action=make_not_entrant pc=0x00007fc3f5248830 method=org.apache.tomcat.util.IntrospectionUtils.findMethods(Ljava/lang/Class;)[Ljava/lang/reflect/Method; @ 7
Event: 11.987 Thread 0x00007fc3b0002800 Uncommon trap: reason=class_check action=maybe_recompile pc=0x00007fc3f5271090 method=org.springframework.beans.MutablePropertyValues.<init>(Lorg/springframework/beans/PropertyValues;)V @ 14
Event: 12.256 Thread 0x00007fc3b0002800 Uncommon trap: reason=unreached action=reinterpret pc=0x00007fc3f5154abc method=org.springframework.beans.factory.support.DefaultSingletonBeanRegistry.getSingleton(Ljava/lang/String;Z)Ljava/lang/Object; @ 43
Event: 12.810 Thread 0x00007fc3b0002800 Uncommon trap: reason=unreached action=reinterpret pc=0x00007fc3f527bacc method=org.springframework.beans.factory.support.AbstractBeanFactory.getMergedBeanDefinition(Ljava/lang/String;Lorg/springframework/beans/factory/config/BeanDefinition;Lorg/springfra

Internal exceptions (10 events):
Event: 12.972 Thread 0x00007fc3b0002800 Threw 0x00000000f81dd098 at /build/buildd/openjdk-7-7u71-2.5.3/build/openjdk/hotspot/src/share/vm/prims/jvm.cpp:1284
Event: 12.973 Thread 0x00007fc3b0002800 Threw 0x00000000f81f65b0 at /build/buildd/openjdk-7-7u71-2.5.3/build/openjdk/hotspot/src/share/vm/prims/jvm.cpp:1284
Event: 12.974 Thread 0x00007fc3b0002800 Threw 0x00000000f820fdf0 at /build/buildd/openjdk-7-7u71-2.5.3/build/openjdk/hotspot/src/share/vm/prims/jvm.cpp:1284
Event: 12.975 Thread 0x00007fc3b0002800 Threw 0x00000000f8220758 at /build/buildd/openjdk-7-7u71-2.5.3/build/openjdk/hotspot/src/share/vm/prims/jvm.cpp:1284
Event: 12.976 Thread 0x00007fc3b0002800 Threw 0x00000000f8235c80 at /build/buildd/openjdk-7-7u71-2.5.3/build/openjdk/hotspot/src/share/vm/prims/jvm.cpp:1284
Event: 12.977 Thread 0x00007fc3b0002800 Threw 0x00000000f823e7b0 at /build/buildd/openjdk-7-7u71-2.5.3/build/openjdk/hotspot/src/share/vm/prims/jvm.cpp:1284
Event: 12.977 Thread 0x00007fc3b0002800 Threw 0x00000000f8246fc8 at /build/buildd/openjdk-7-7u71-2.5.3/build/openjdk/hotspot/src/share/vm/prims/jvm.cpp:1284
Event: 12.978 Thread 0x00007fc3b0002800 Threw 0x00000000f826e588 at /build/buildd/openjdk-7-7u71-2.5.3/build/openjdk/hotspot/src/share/vm/prims/jvm.cpp:1284
Event: 12.979 Thread 0x00007fc3b0002800 Threw 0x00000000f8277f90 at /build/buildd/openjdk-7-7u71-2.5.3/build/openjdk/hotspot/src/share/vm/prims/jvm.cpp:1284
Event: 12.979 Thread 0x00007fc3b0002800 Threw 0x00000000f8279ab0 at /build/buildd/openjdk-7-7u71-2.5.3/build/openjdk/hotspot/src/share/vm/prims/jvm.cpp:1284

Events (10 events):
Event: 12.976 loading class 0x00007fc3b4059090 done
Event: 12.977 loading class 0x00007fc3f86430b0
Event: 12.977 loading class 0x00007fc3f86430b0 done
Event: 12.977 loading class 0x00007fc3b40545c0
Event: 12.977 loading class 0x00007fc3b40545c0 done
Event: 12.978 loading class 0x00007fc3b405a530
Event: 12.978 loading class 0x00007fc3b405a530 done
Event: 12.979 loading class 0x00007fc3b405a530
Event: 12.979 loading class 0x00007fc3b405a530 done
Event: 12.979 Executing VM operation: ParallelGCFailedAllocation


Dynamic libraries:
00400000-00401000 r-xp 00000000 08:01 6558664                            /usr/lib/jvm/java-7-openjdk-amd64/jre/bin/java
00600000-00601000 r--p 00000000 08:01 6558664                            /usr/lib/jvm/java-7-openjdk-amd64/jre/bin/java
00601000-00602000 rw-p 00001000 08:01 6558664                            /usr/lib/jvm/java-7-openjdk-amd64/jre/bin/java
025cb000-025ec000 rw-p 00000000 00:00 0                                  [heap]
b9600000-bae00000 rw-p 00000000 00:00 0 
bae00000-c3c00000 rw-p 00000000 00:00 0 
c3c00000-c6400000 rw-p 00000000 00:00 0 
c6400000-ebe80000 rw-p 00000000 00:00 0 
ebe80000-f9280000 rw-p 00000000 00:00 0 
7fc3b0000000-7fc3b0021000 rw-p 00000000 00:00 0 
7fc3b0021000-7fc3b4000000 ---p 00000000 00:00 0 
7fc3b4000000-7fc3b4066000 rw-p 00000000 00:00 0 
7fc3b4066000-7fc3b8000000 ---p 00000000 00:00 0 
7fc3b8000000-7fc3b8021000 rw-p 00000000 00:00 0 
7fc3b8021000-7fc3bc000000 ---p 00000000 00:00 0 
7fc3bc000000-7fc3bc021000 rw-p 00000000 00:00 0 
7fc3bc021000-7fc3c0000000 ---p 00000000 00:00 0 
7fc3c0000000-7fc3c1c81000 rw-p 00000000 00:00 0 
7fc3c1c81000-7fc3c4000000 ---p 00000000 00:00 0 
7fc3c4000000-7fc3c4021000 rw-p 00000000 00:00 0 
7fc3c4021000-7fc3c8000000 ---p 00000000 00:00 0 
7fc3c8000000-7fc3c8021000 rw-p 00000000 00:00 0 
7fc3c8021000-7fc3cc000000 ---p 00000000 00:00 0 
7fc3cc000000-7fc3cd3cd000 rw-p 00000000 00:00 0 
7fc3cd3cd000-7fc3d0000000 ---p 00000000 00:00 0 
7fc3d0000000-7fc3d0021000 rw-p 00000000 00:00 0 
7fc3d0021000-7fc3d4000000 ---p 00000000 00:00 0 
7fc3d4000000-7fc3d4021000 rw-p 00000000 00:00 0 
7fc3d4021000-7fc3d8000000 ---p 00000000 00:00 0 
7fc3d8000000-7fc3d8021000 rw-p 00000000 00:00 0 
7fc3d8021000-7fc3dc000000 ---p 00000000 00:00 0 
7fc3dc000000-7fc3dc23f000 rw-p 00000000 00:00 0 
7fc3dc23f000-7fc3e0000000 ---p 00000000 00:00 0 
7fc3e0000000-7fc3e0021000 rw-p 00000000 00:00 0 
7fc3e0021000-7fc3e4000000 ---p 00000000 00:00 0 
7fc3e7063000-7fc3e7066000 ---p 00000000 00:00 0 
7fc3e7066000-7fc3e7164000 rw-p 00000000 00:00 0                          [stack:6335]
7fc3e7164000-7fc3e716c000 r-xp 00000000 08:01 6553775                    /usr/lib/jvm/java-7-openjdk-amd64/jre/lib/amd64/libmanagement.so
7fc3e716c000-7fc3e736b000 ---p 00008000 08:01 6553775                    /usr/lib/jvm/java-7-openjdk-amd64/jre/lib/amd64/libmanagement.so
7fc3e736b000-7fc3e736c000 r--p 00007000 08:01 6553775                    /usr/lib/jvm/java-7-openjdk-amd64/jre/lib/amd64/libmanagement.so
7fc3e736c000-7fc3e736d000 rw-p 00008000 08:01 6553775                    /usr/lib/jvm/java-7-openjdk-amd64/jre/lib/amd64/libmanagement.so
7fc3e736d000-7fc3e737d000 r-xp 00000000 08:01 6553774                    /usr/lib/jvm/java-7-openjdk-amd64/jre/lib/amd64/libnio.so
7fc3e737d000-7fc3e757d000 ---p 00010000 08:01 6553774                    /usr/lib/jvm/java-7-openjdk-amd64/jre/lib/amd64/libnio.so
7fc3e757d000-7fc3e757e000 r--p 00010000 08:01 6553774                    /usr/lib/jvm/java-7-openjdk-amd64/jre/lib/amd64/libnio.so
7fc3e757e000-7fc3e757f000 rw-p 00011000 08:01 6553774                    /usr/lib/jvm/java-7-openjdk-amd64/jre/lib/amd64/libnio.so
7fc3e767b000-7fc3e767e000 ---p 00000000 00:00 0 
7fc3e767e000-7fc3e777c000 rw-p 00000000 00:00 0                          [stack:6334]
7fc3e777c000-7fc3e77b9000 r-xp 00000000 08:01 19402732                   /lib/x86_64-linux-gnu/libpcre.so.3.13.1
7fc3e77b9000-7fc3e79b8000 ---p 0003d000 08:01 19402732                   /lib/x86_64-linux-gnu/libpcre.so.3.13.1
7fc3e79b8000-7fc3e79b9000 r--p 0003c000 08:01 19402732                   /lib/x86_64-linux-gnu/libpcre.so.3.13.1
7fc3e79b9000-7fc3e79ba000 rw-p 0003d000 08:01 19402732                   /lib/x86_64-linux-gnu/libpcre.so.3.13.1
7fc3e79ba000-7fc3e79c1000 r-xp 00000000 08:01 6168359                    /usr/lib/x86_64-linux-gnu/libffi.so.6.0.1
7fc3e79c1000-7fc3e7bc0000 ---p 00007000 08:01 6168359                    /usr/lib/x86_64-linux-gnu/libffi.so.6.0.1
7fc3e7bc0000-7fc3e7bc1000 r--p 00006000 08:01 6168359                    /usr/lib/x86_64-linux-gnu/libffi.so.6.0.1
7fc3e7bc1000-7fc3e7bc2000 rw-p 00007000 08:01 6168359                    /usr/lib/x86_64-linux-gnu/libffi.so.6.0.1
7fc3e7bc2000-7fc3e7bd9000 r-xp 00000000 08:01 19402905                   /lib/x86_64-linux-gnu/libresolv-2.19.so
7fc3e7bd9000-7fc3e7dd9000 ---p 00017000 08:01 19402905                   /lib/x86_64-linux-gnu/libresolv-2.19.so
7fc3e7dd9000-7fc3e7dda000 r--p 00017000 08:01 19402905                   /lib/x86_64-linux-gnu/libresolv-2.19.so
7fc3e7dda000-7fc3e7ddb000 rw-p 00018000 08:01 19402905                   /lib/x86_64-linux-gnu/libresolv-2.19.so
7fc3e7ddb000-7fc3e7ddd000 rw-p 00000000 00:00 0 
7fc3e7ddd000-7fc3e7dfd000 r-xp 00000000 08:01 19402759                   /lib/x86_64-linux-gnu/libselinux.so.1
7fc3e7dfd000-7fc3e7ffc000 ---p 00020000 08:01 19402759                   /lib/x86_64-linux-gnu/libselinux.so.1
7fc3e7ffc000-7fc3e7ffd000 r--p 0001f000 08:01 19402759                   /lib/x86_64-linux-gnu/libselinux.so.1
7fc3e7ffd000-7fc3e7ffe000 rw-p 00020000 08:01 19402759                   /lib/x86_64-linux-gnu/libselinux.so.1
7fc3e7ffe000-7fc3e8000000 rw-p 00000000 00:00 0 
7fc3e8000000-7fc3e8021000 rw-p 00000000 00:00 0 
7fc3e8021000-7fc3ec000000 ---p 00000000 00:00 0 
7fc3ec0ed000-7fc3ec0f0000 r-xp 00000000 08:01 6160748                    /usr/lib/x86_64-linux-gnu/libgmodule-2.0.so.0.4002.0
7fc3ec0f0000-7fc3ec2ef000 ---p 00003000 08:01 6160748                    /usr/lib/x86_64-linux-gnu/libgmodule-2.0.so.0.4002.0
7fc3ec2ef000-7fc3ec2f0000 r--p 00002000 08:01 6160748                    /usr/lib/x86_64-linux-gnu/libgmodule-2.0.so.0.4002.0
7fc3ec2f0000-7fc3ec2f1000 rw-p 00003000 08:01 6160748                    /usr/lib/x86_64-linux-gnu/libgmodule-2.0.so.0.4002.0
7fc3ec2f1000-7fc3ec3f7000 r-xp 00000000 08:01 19402593                   /lib/x86_64-linux-gnu/libglib-2.0.so.0.4002.0
7fc3ec3f7000-7fc3ec5f6000 ---p 00106000 08:01 19402593                   /lib/x86_64-linux-gnu/libglib-2.0.so.0.4002.0
7fc3ec5f6000-7fc3ec5f7000 r--p 00105000 08:01 19402593                   /lib/x86_64-linux-gnu/libglib-2.0.so.0.4002.0
7fc3ec5f7000-7fc3ec5f8000 rw-p 00106000 08:01 19402593                   /lib/x86_64-linux-gnu/libglib-2.0.so.0.4002.0
7fc3ec5f8000-7fc3ec5f9000 rw-p 00000000 00:00 0 
7fc3ec5f9000-7fc3ec648000 r-xp 00000000 08:01 6160766                    /usr/lib/x86_64-linux-gnu/libgobject-2.0.so.0.4002.0
7fc3ec648000-7fc3ec848000 ---p 0004f000 08:01 6160766                    /usr/lib/x86_64-linux-gnu/libgobject-2.0.so.0.4002.0
7fc3ec848000-7fc3ec849000 r--p 0004f000 08:01 6160766                    /usr/lib/x86_64-linux-gnu/libgobject-2.0.so.0.4002.0
7fc3ec849000-7fc3ec84a000 rw-p 00050000 08:01 6160766                    /usr/lib/x86_64-linux-gnu/libgobject-2.0.so.0.4002.0
7fc3ec84a000-7fc3ec9b6000 r-xp 00000000 08:01 6160770                    /usr/lib/x86_64-linux-gnu/libgio-2.0.so.0.4002.0
7fc3ec9b6000-7fc3ecbb5000 ---p 0016c000 08:01 6160770                    /usr/lib/x86_64-linux-gnu/libgio-2.0.so.0.4002.0
7fc3ecbb5000-7fc3ecbb9000 r--p 0016b000 08:01 6160770                    /usr/lib/x86_64-linux-gnu/libgio-2.0.so.0.4002.0
7fc3ecbb9000-7fc3ecbbb000 rw-p 0016f000 08:01 6160770                    /usr/lib/x86_64-linux-gnu/libgio-2.0.so.0.4002.0
7fc3ecbbb000-7fc3ecbbd000 rw-p 00000000 00:00 0 
7fc3ecbda000-7fc3ecbf1000 r-xp 00000000 08:01 6553759                    /usr/lib/jvm/java-7-openjdk-amd64/jre/lib/amd64/libnet.so
7fc3ecbf1000-7fc3ecdf0000 ---p 00017000 08:01 6553759                    /usr/lib/jvm/java-7-openjdk-amd64/jre/lib/amd64/libnet.so
7fc3ecdf0000-7fc3ecdf1000 r--p 00016000 08:01 6553759                    /usr/lib/jvm/java-7-openjdk-amd64/jre/lib/amd64/libnet.so
7fc3ecdf1000-7fc3ecdf2000 rw-p 00017000 08:01 6553759                    /usr/lib/jvm/java-7-openjdk-amd64/jre/lib/amd64/libnet.so
7fc3ece2e000-7fc3ece33000 r--s 0004c000 08:01 6553799                    /usr/lib/jvm/java-7-openjdk-amd64/jre/lib/jsse.jar
7fc3ece33000-7fc3ece36000 ---p 00000000 00:00 0 
7fc3ece36000-7fc3ecf34000 rw-p 00000000 00:00 0                          [stack:6333]
7fc3ecf34000-7fc3ecf3d000 r--s 000b9000 08:01 6553739                    /usr/lib/jvm/java-7-openjdk-amd64/jre/lib/resources.jar
7fc3ecf3d000-7fc3ecf3e000 ---p 00000000 00:00 0 
7fc3ecf3e000-7fc3ed03e000 rw-p 00000000 00:00 0                          [stack:6332]
7fc3ed03e000-7fc3ed041000 ---p 00000000 00:00 0 
7fc3ed041000-7fc3ed13f000 rw-p 00000000 00:00 0                          [stack:6331]
7fc3ed13f000-7fc3ed142000 ---p 00000000 00:00 0 
7fc3ed142000-7fc3ed240000 rw-p 00000000 00:00 0                          [stack:6330]
7fc3ed240000-7fc3ed243000 ---p 00000000 00:00 0 
7fc3ed243000-7fc3ed341000 rw-p 00000000 00:00 0                          [stack:6329]
7fc3ed341000-7fc3ed348000 r--s 00060000 00:19 27526003                   /home/charaka/.m2/repository/org/springframework/springloaded/1.2.1.RELEASE/springloaded-1.2.1.RELEASE.jar
7fc3ed348000-7fc3ed34e000 r--s 00036000 00:19 20318530                   /home/charaka/.m2/repository/org/apache/tomcat/embed/tomcat-embed-websocket/8.0.20/tomcat-embed-websocket-8.0.20.jar
7fc3ed34e000-7fc3ed35e000 r--s 000a0000 00:19 21628602                   /home/charaka/.m2/repository/org/springframework/spring-web/4.1.6.RELEASE/spring-web-4.1.6.RELEASE.jar
7fc3ed35e000-7fc3ed36d000 r--s 000b0000 00:19 21628621                   /home/charaka/.m2/repository/org/springframework/spring-webmvc/4.1.6.RELEASE/spring-webmvc-4.1.6.RELEASE.jar
7fc3ed36d000-7fc3ed3cb000 r--s 004aa000 00:19 27397452                   /home/charaka/.m2/repository/org/hibernate/hibernate-core/4.3.8.Final/hibernate-core-4.3.8.Final.jar
7fc3ed3cb000-7fc3ed3ce000 ---p 00000000 00:00 0 
7fc3ed3ce000-7fc3ed4cc000 rw-p 00000000 00:00 0                          [stack:6328]
7fc3ed4cc000-7fc3edbaf000 r--p 00000000 08:01 6167122                    /usr/lib/locale/locale-archive
7fc3edbaf000-7fc3edbb2000 ---p 00000000 00:00 0 
7fc3edbb2000-7fc3f0000000 rw-p 00000000 00:00 0                          [stack:6327]
7fc3f0000000-7fc3f0021000 rw-p 00000000 00:00 0 
7fc3f0021000-7fc3f4000000 ---p 00000000 00:00 0 
7fc3f4001000-7fc3f4002000 rw-p 00000000 00:00 0 
7fc3f4002000-7fc3f4004000 r--s 0001f000 00:19 21628640                   /home/charaka/.m2/repository/org/apache/tomcat/tomcat-jdbc/8.0.20/tomcat-jdbc-8.0.20.jar
7fc3f4004000-7fc3f4007000 r--s 00007000 00:19 20978781                   /home/charaka/.m2/repository/com/fasterxml/jackson/core/jackson-annotations/2.4.5/jackson-annotations-2.4.5.jar
7fc3f4007000-7fc3f4012000 r--s 0004f000 00:19 28576677                   /home/charaka/.m2/repository/org/springframework/security/spring-security-core/3.2.7.RELEASE/spring-security-core-3.2.7.RELEASE.jar
7fc3f4012000-7fc3f4016000 r--s 00019000 00:19 22287400                   /home/charaka/.m2/repository/org/aspectj/aspectjrt/1.8.5/aspectjrt-1.8.5.jar
7fc3f4016000-7fc3f401b000 r--s 00048000 00:19 20186635                   /home/charaka/.m2/repository/dom4j/dom4j/1.6.1/dom4j-1.6.1.jar
7fc3f401b000-7fc3f401c000 r--s 00000000 00:19 21628630                   /home/charaka/.m2/repository/org/springframework/boot/spring-boot-starter-jdbc/1.2.3.RELEASE/spring-boot-starter-jdbc-1.2.3.RELEASE.jar
7fc3f401c000-7fc3f401d000 r--s 00000000 00:19 22941021                   /home/charaka/.m2/repository/org/springframework/boot/spring-boot-starter-actuator/1.2.3.RELEASE/spring-boot-starter-actuator-1.2.3.RELEASE.jar
7fc3f401d000-7fc3f402a000 r--s 0006e000 00:19 27526279                   /home/charaka/.m2/repository/org/springframework/data/spring-data-commons/1.9.2.RELEASE/spring-data-commons-1.9.2.RELEASE.jar
7fc3f402a000-7fc3f4034000 r--s 0004b000 00:19 28576675                   /home/charaka/.m2/repository/org/springframework/security/spring-security-web/3.2.7.RELEASE/spring-security-web-3.2.7.RELEASE.jar
7fc3f4034000-7fc3f4039000 r--s 00017000 00:19 21630757                   /home/charaka/.m2/repository/org/hibernate/javax/persistence/hibernate-jpa-2.1-api/1.0.0.Final/hibernate-jpa-2.1-api-1.0.0.Final.jar
7fc3f4039000-7fc3f403a000 r--s 00005000 00:19 21628588                   /home/charaka/.m2/repository/org/slf4j/log4j-over-slf4j/1.7.11/log4j-over-slf4j-1.7.11.jar
7fc3f403a000-7fc3f403c000 r--s 00003000 00:19 21628564                   /home/charaka/.m2/repository/org/slf4j/jcl-over-slf4j/1.7.11/jcl-over-slf4j-1.7.11.jar
7fc3f403c000-7fc3f403e000 r--s 00006000 00:19 21630771                   /home/charaka/.m2/repository/com/github/fge/jackson-coreutils/1.6/jackson-coreutils-1.6.jar
7fc3f403e000-7fc3f4053000 r--s 000e2000 00:19 21628598                   /home/charaka/.m2/repository/org/springframework/spring-core/4.1.6.RELEASE/spring-core-4.1.6.RELEASE.jar
7fc3f4053000-7fc3f407e000 r--s 001f5000 00:19 27526328                   /home/charaka/.m2/repository/com/google/guava/guava/16.0.1/guava-16.0.1.jar
7fc3f407e000-7fc3f407f000 r--s 00000000 00:19 21628556                   /home/charaka/.m2/repository/org/springframework/boot/spring-boot-starter-logging/1.2.3.RELEASE/spring-boot-starter-logging-1.2.3.RELEASE.jar
7fc3f407f000-7fc3f4086000 r--s 0003d000 00:19 19926816                   /home/charaka/.m2/repository/org/yaml/snakeyaml/1.14/snakeyaml-1.14.jar
7fc3f4086000-7fc3f4087000 r--s 00000000 00:19 21628542                   /home/charaka/.m2/repository/org/springframework/boot/spring-boot-starter-web/1.2.3.RELEASE/spring-boot-starter-web-1.2.3.RELEASE.jar
7fc3f4087000-7fc3f4089000 r--s 00011000 00:19 21630754                   /home/charaka/.m2/repository/org/jboss/jandex/1.1.0.Final/jandex-1.1.0.Final.jar
7fc3f4089000-7fc3f408d000 r--s 0000c000 00:19 20318533                   /home/charaka/.m2/repository/javax/validation/validation-api/1.1.0.Final/validation-api-1.1.0.Final.jar
7fc3f408d000-7fc3f4092000 r--s 00022000 00:19 21630764                   /home/charaka/.m2/repository/org/springframework/hateoas/spring-hateoas/0.16.0.RELEASE/spring-hateoas-0.16.0.RELEASE.jar
7fc3f4092000-7fc3f4093000 r--s 00002000 00:19 21630752                   /home/charaka/.m2/repository/org/jboss/logging/jboss-logging-annotations/1.2.0.Beta1/jboss-logging-annotations-1.2.0.Beta1.jar
7fc3f4093000-7fc3f4094000 r--s 00000000 00:19 21628593                   /home/charaka/.m2/repository/org/springframework/boot/spring-boot-starter-tomcat/1.2.3.RELEASE/spring-boot-starter-tomcat-1.2.3.RELEASE.jar
7fc3f4094000-7fc3f4096000 r--s 0000c000 00:19 21105107                   /home/charaka/.m2/repository/org/jboss/logging/jboss-logging/3.1.3.GA/jboss-logging-3.1.3.GA.jar
7fc3f4096000-7fc3f409a000 r--s 00034000 00:19 20978783                   /home/charaka/.m2/repository/com/fasterxml/jackson/core/jackson-core/2.4.5/jackson-core-2.4.5.jar
7fc3f409a000-7fc3f40aa000 r--s 0006b000 00:19 21628544                   /home/charaka/.m2/repository/org/springframework/boot/spring-boot-autoconfigure/1.2.3.RELEASE/spring-boot-autoconfigure-1.2.3.RELEASE.jar
7fc3f40aa000-7fc3f40b2000 r--s 0003a000 00:19 22941023                   /home/charaka/.m2/repository/org/springframework/boot/spring-boot-actuator/1.2.3.RELEASE/spring-boot-actuator-1.2.3.RELEASE.jar
7fc3f40b2000-7fc3f40b6000 r--s 00017000 00:19 27526296                   /home/charaka/.m2/repository/org/springframework/data/spring-data-rest-core/2.2.2.RELEASE/spring-data-rest-core-2.2.2.RELEASE.jar
7fc3f40b6000-7fc3f40ba000 r--s 00036000 00:19 20318527                   /home/charaka/.m2/repository/org/apache/tomcat/embed/tomcat-embed-el/8.0.20/tomcat-embed-el-8.0.20.jar
7fc3f40ba000-7fc3f40df000 r--s 00290000 00:19 20318526                   /home/charaka/.m2/repository/org/apache/tomcat/embed/tomcat-embed-core/8.0.20/tomcat-embed-core-8.0.20.jar
7fc3f40df000-7fc3f40ec000 r--s 000a0000 00:19 21628612                   /home/charaka/.m2/repository/org/springframework/spring-beans/4.1.6.RELEASE/spring-beans-4.1.6.RELEASE.jar
7fc3f40ec000-7fc3f40f1000 r--s 0003b000 00:19 21628626                   /home/charaka/.m2/repository/org/springframework/spring-expression/4.1.6.RELEASE/spring-expression-4.1.6.RELEASE.jar
7fc3f40f1000-7fc3f40f4000 ---p 00000000 00:00 0 
7fc3f40f4000-7fc3f41f2000 rw-p 00000000 00:00 0                          [stack:6326]
7fc3f41f2000-7fc3f41f3000 ---p 00000000 00:00 0 
7fc3f41f3000-7fc3f5000000 rw-p 00000000 00:00 0                          [stack:6325]
7fc3f5000000-7fc3f5320000 rwxp 00000000 00:00 0 
7fc3f5320000-7fc3f8c85000 rw-p 00000000 00:00 0 
7fc3f8c85000-7fc3fc000000 ---p 00000000 00:00 0 
7fc3fc000000-7fc3fc002000 r--s 00009000 00:19 21628650                   /home/charaka/.m2/repository/org/apache/tomcat/tomcat-juli/8.0.20/tomcat-juli-8.0.20.jar
7fc3fc002000-7fc3fc003000 r--s 00004000 00:19 21630765                   /home/charaka/.m2/repository/org/springframework/plugin/spring-plugin-core/1.1.0.RELEASE/spring-plugin-core-1.1.0.RELEASE.jar
7fc3fc003000-7fc3fc00a000 r--s 0005d000 00:19 28576678                   /home/charaka/.m2/repository/org/springframework/security/spring-security-config/3.2.7.RELEASE/spring-security-config-3.2.7.RELEASE.jar
7fc3fc00a000-7fc3fc00b000 r--s 00000000 00:19 28576674                   /home/charaka/.m2/repository/org/springframework/boot/spring-boot-starter-security/1.2.3.RELEASE/spring-boot-starter-security-1.2.3.RELEASE.jar
7fc3fc00b000-7fc3fc00c000 r--s 00000000 00:19 21760819                   /home/charaka/.m2/repository/org/springframework/boot/spring-boot-starter-aop/1.2.3.RELEASE/spring-boot-starter-aop-1.2.3.RELEASE.jar
7fc3fc00c000-7fc3fc00e000 r--s 00000000 00:19 20581367                   /home/charaka/.m2/repository/aopalliance/aopalliance/1.0/aopalliance-1.0.jar
7fc3fc00e000-7fc3fc010000 r--s 00008000 00:19 21630773                   /home/charaka/.m2/repository/com/github/fge/msg-simple/1.1/msg-simple-1.1.jar
7fc3fc010000-7fc3fc012000 r--s 00006000 00:19 21365159                   /home/charaka/.m2/repository/com/google/code/findbugs/jsr305/2.0.1/jsr305-2.0.1.jar
7fc3fc012000-7fc3fc017000 r--s 00068000 00:19 20186742                   /home/charaka/.m2/repository/antlr/antlr/2.7.7/antlr-2.7.7.jar
7fc3fc017000-7fc3fc01e000 r--s 00037000 00:19 21628657                   /home/charaka/.m2/repository/org/springframework/spring-tx/4.1.6.RELEASE/spring-tx-4.1.6.RELEASE.jar
7fc3fc01e000-7fc3fc027000 r--s 000e2000 00:19 28575873                   /home/charaka/.m2/repository/mysql/mysql-connector-java/5.1.34/mysql-connector-java-5.1.34.jar
7fc3fc027000-7fc3fc02a000 r--s 00010000 00:19 21630755                   /home/charaka/.m2/repository/org/hibernate/common/hibernate-commons-annotations/4.0.5.Final/hibernate-commons-annotations-4.0.5.Final.jar
7fc3fc02a000-7fc3fc034000 r--s 0005e000 00:19 21628550                   /home/charaka/.m2/repository/org/springframework/boot/spring-boot/1.2.3.RELEASE/spring-boot-1.2.3.RELEASE.jar
7fc3fc034000-7fc3fc036000 r--s 00000000 00:19 21628571                   /home/charaka/.m2/repository/org/slf4j/jul-to-slf4j/1.7.11/jul-to-slf4j-1.7.11.jar
7fc3fc036000-7fc3fc038000 r--s 00009000 00:19 21630769                   /home/charaka/.m2/repository/com/github/fge/json-patch/1.7/json-patch-1.7.jar
7fc3fc038000-7fc3fc03d000 r--s 00016000 00:19 20186637                   /home/charaka/.m2/repository/xml-apis/xml-apis/1.0.b2/xml-apis-1.0.b2.jar
7fc3fc03d000-7fc3fc045000 r--s 00054000 00:19 27526271                   /home/charaka/.m2/repository/org/springframework/spring-orm/4.1.6.RELEASE/spring-orm-4.1.6.RELEASE.jar
7fc3fc045000-7fc3fc046000 r--s 00002000 00:19 21630776                   /home/charaka/.m2/repository/com/github/fge/btf/1.2/btf-1.2.jar
7fc3fc046000-7fc3fc048000 r--s 00009000 00:19 20318529                   /home/charaka/.m2/repository/org/apache/tomcat/embed/tomcat-embed-logging-juli/8.0.20/tomcat-embed-logging-juli-8.0.20.jar
7fc3fc048000-7fc3fc049000 r--s 00000000 00:19 21628554                   /home/charaka/.m2/repository/org/springframework/boot/spring-boot-starter/1.2.3.RELEASE/spring-boot-starter-1.2.3.RELEASE.jar
7fc3fc049000-7fc3fc04b000 r--s 0000c000 00:19 27526286                   /home/charaka/.m2/repository/org/springframework/spring-aspects/4.1.6.RELEASE/spring-aspects-4.1.6.RELEASE.jar
7fc3fc04b000-7fc3fc055000 r--s 0005f000 00:19 21628636                   /home/charaka/.m2/repository/org/springframework/spring-jdbc/4.1.6.RELEASE/spring-jdbc-4.1.6.RELEASE.jar
7fc3fc055000-7fc3fc060000 r--s 00065000 00:19 21628583                   /home/charaka/.m2/repository/ch/qos/logback/logback-core/1.1.3/logback-core-1.1.3.jar
7fc3fc060000-7fc3fc066000 r--s 00031000 00:19 27526273                   /home/charaka/.m2/repository/org/springframework/data/spring-data-jpa/1.7.2.RELEASE/spring-data-jpa-1.7.2.RELEASE.jar
7fc3fc066000-7fc3fc074000 r--s 00091000 00:19 27142016                   /home/charaka/.m2/repository/org/hibernate/hibernate-entitymanager/4.3.8.Final/hibernate-entitymanager-4.3.8.Final.jar
7fc3fc074000-7fc3fc082000 r--s 0008d000 00:19 20978784                   /home/charaka/.m2/repository/org/hibernate/hibernate-validator/5.1.3.Final/hibernate-validator-5.1.3.Final.jar
7fc3fc082000-7fc3fc084000 r--s 0000d000 00:19 21105108                   /home/charaka/.m2/repository/com/fasterxml/classmate/1.0.0/classmate-1.0.0.jar
7fc3fc084000-7fc3fc085000 r--s 00000000 00:19 27526293                   /home/charaka/.m2/repository/org/springframework/boot/spring-boot-starter-data-rest/1.2.3.RELEASE/spring-boot-starter-data-rest-1.2.3.RELEASE.jar
7fc3fc085000-7fc3fc09d000 r--s 000e3000 00:19 21628617                   /home/charaka/.m2/repository/org/springframework/spring-context/4.1.6.RELEASE/spring-context-4.1.6.RELEASE.jar
7fc3fc09d000-7fc3fc0a3000 r--s 0003f000 00:19 21628580                   /home/charaka/.m2/repository/ch/qos/logback/logback-classic/1.1.3/logback-classic-1.1.3.jar
7fc3fc0a3000-7fc3fc0b4000 r--s 000f6000 00:19 20842805                   /home/charaka/.m2/repository/com/fasterxml/jackson/core/jackson-databind/2.4.5/jackson-databind-2.4.5.jar
7fc3fc0b4000-7fc3fc0cc000 r--s 001af000 00:19 25570610                   /home/charaka/.m2/repository/org/aspectj/aspectjweaver/1.8.5/aspectjweaver-1.8.5.jar
7fc3fc0cc000-7fc3fc0d5000 r--s 0004f000 00:19 21628608                   /home/charaka/.m2/repository/org/springframework/spring-aop/4.1.6.RELEASE/spring-aop-4.1.6.RELEASE.jar
7fc3fc0d5000-7fc3fc0df000 r--s 000a5000 00:19 21630759                   /home/charaka/.m2/repository/org/javassist/javassist/3.18.1-GA/javassist-3.18.1-GA.jar
7fc3fc0df000-7fc3fc0e1000 r--s 00002000 00:19 21630767                   /home/charaka/.m2/repository/org/atteo/evo-inflector/1.2/evo-inflector-1.2.jar
7fc3fc0e1000-7fc3fc0e5000 r--s 00028000 00:19 27526294                   /home/charaka/.m2/repository/org/springframework/data/spring-data-rest-webmvc/2.2.2.RELEASE/spring-data-rest-webmvc-2.2.2.RELEASE.jar
7fc3fc0e5000-7fc3fc0e9000 r--s 0003c000 08:01 6556377                    /usr/lib/jvm/java-7-openjdk-amd64/jre/lib/ext/sunpkcs11.jar
7fc3fc0e9000-7fc3fc334000 rw-p 00000000 00:00 0 
7fc3fc334000-7fc3fc4e5000 r--s 01d25000 08:01 6556600                    /usr/lib/jvm/java-7-openjdk-amd64/jre/lib/rt.jar
7fc3fc4e5000-7fc3fc7eb000 rw-p 00000000 00:00 0 
7fc3fc7eb000-7fc3fc7ec000 ---p 00000000 00:00 0 
7fc3fc7ec000-7fc3fc8ec000 rw-p 00000000 00:00 0                          [stack:6324]
7fc3fc8ec000-7fc3fc8ed000 ---p 00000000 00:00 0 
7fc3fc8ed000-7fc3fc9ed000 rw-p 00000000 00:00 0                          [stack:6323]
7fc3fc9ed000-7fc3fc9ee000 ---p 00000000 00:00 0 
7fc3fc9ee000-7fc3fcaee000 rw-p 00000000 00:00 0                          [stack:6322]
7fc3fcaee000-7fc3fcaef000 ---p 00000000 00:00 0 
7fc3fcaef000-7fc3fcbfb000 rw-p 00000000 00:00 0                          [stack:6321]
7fc3fcbfb000-7fc3fcc42000 rw-p 00000000 00:00 0 
7fc3fcc42000-7fc3fcc56000 rw-p 00000000 00:00 0 
7fc3fcc56000-7fc3fcd84000 rw-p 00000000 00:00 0 
7fc3fcd84000-7fc3fcd90000 rw-p 00000000 00:00 0 
7fc3fcd90000-7fc3fcdd7000 rw-p 00000000 00:00 0 
7fc3fcdd7000-7fc3fcdeb000 rw-p 00000000 00:00 0 
7fc3fcdeb000-7fc3fcf18000 rw-p 00000000 00:00 0 
7fc3fcf18000-7fc3fcf83000 rw-p 00000000 00:00 0 
7fc3fcf83000-7fc3fcfb9000 rw-p 00000000 00:00 0 
7fc3fcfb9000-7fc3fcfba000 rw-p 00000000 00:00 0 
7fc3fcfba000-7fc3fcfc2000 r-xp 00000000 08:01 6553748                    /usr/lib/jvm/java-7-openjdk-amd64/jre/lib/amd64/libzip.so
7fc3fcfc2000-7fc3fd1c1000 ---p 00008000 08:01 6553748                    /usr/lib/jvm/java-7-openjdk-amd64/jre/lib/amd64/libzip.so
7fc3fd1c1000-7fc3fd1c2000 r--p 00007000 08:01 6553748                    /usr/lib/jvm/java-7-openjdk-amd64/jre/lib/amd64/libzip.so
7fc3fd1c2000-7fc3fd1c3000 rw-p 00008000 08:01 6553748                    /usr/lib/jvm/java-7-openjdk-amd64/jre/lib/amd64/libzip.so
7fc3fd1c3000-7fc3fd1ce000 r-xp 00000000 08:01 19402919                   /lib/x86_64-linux-gnu/libnss_files-2.19.so
7fc3fd1ce000-7fc3fd3cd000 ---p 0000b000 08:01 19402919                   /lib/x86_64-linux-gnu/libnss_files-2.19.so
7fc3fd3cd000-7fc3fd3ce000 r--p 0000a000 08:01 19402919                   /lib/x86_64-linux-gnu/libnss_files-2.19.so
7fc3fd3ce000-7fc3fd3cf000 rw-p 0000b000 08:01 19402919                   /lib/x86_64-linux-gnu/libnss_files-2.19.so
7fc3fd3cf000-7fc3fd3da000 r-xp 00000000 08:01 19402920                   /lib/x86_64-linux-gnu/libnss_nis-2.19.so
7fc3fd3da000-7fc3fd5d9000 ---p 0000b000 08:01 19402920                   /lib/x86_64-linux-gnu/libnss_nis-2.19.so
7fc3fd5d9000-7fc3fd5da000 r--p 0000a000 08:01 19402920                   /lib/x86_64-linux-gnu/libnss_nis-2.19.so
7fc3fd5da000-7fc3fd5db000 rw-p 0000b000 08:01 19402920                   /lib/x86_64-linux-gnu/libnss_nis-2.19.so
7fc3fd5db000-7fc3fd5f2000 r-xp 00000000 08:01 19402906                   /lib/x86_64-linux-gnu/libnsl-2.19.so
7fc3fd5f2000-7fc3fd7f1000 ---p 00017000 08:01 19402906                   /lib/x86_64-linux-gnu/libnsl-2.19.so
7fc3fd7f1000-7fc3fd7f2000 r--p 00016000 08:01 19402906                   /lib/x86_64-linux-gnu/libnsl-2.19.so
7fc3fd7f2000-7fc3fd7f3000 rw-p 00017000 08:01 19402906                   /lib/x86_64-linux-gnu/libnsl-2.19.so
7fc3fd7f3000-7fc3fd7f5000 rw-p 00000000 00:00 0 
7fc3fd7f5000-7fc3fd7fe000 r-xp 00000000 08:01 19402903                   /lib/x86_64-linux-gnu/libnss_compat-2.19.so
7fc3fd7fe000-7fc3fd9fd000 ---p 00009000 08:01 19402903                   /lib/x86_64-linux-gnu/libnss_compat-2.19.so
7fc3fd9fd000-7fc3fd9fe000 r--p 00008000 08:01 19402903                   /lib/x86_64-linux-gnu/libnss_compat-2.19.so
7fc3fd9fe000-7fc3fd9ff000 rw-p 00009000 08:01 19402903                   /lib/x86_64-linux-gnu/libnss_compat-2.19.so
7fc3fd9ff000-7fc3fda09000 r-xp 00000000 08:01 6553747                    /usr/lib/jvm/java-7-openjdk-amd64/jre/lib/amd64/libinstrument.so
7fc3fda09000-7fc3fdc08000 ---p 0000a000 08:01 6553747                    /usr/lib/jvm/java-7-openjdk-amd64/jre/lib/amd64/libinstrument.so
7fc3fdc08000-7fc3fdc09000 r--p 00009000 08:01 6553747                    /usr/lib/jvm/java-7-openjdk-amd64/jre/lib/amd64/libinstrument.so
7fc3fdc09000-7fc3fdc0a000 rw-p 0000a000 08:01 6553747                    /usr/lib/jvm/java-7-openjdk-amd64/jre/lib/amd64/libinstrument.so
7fc3fdc0a000-7fc3fdc35000 r-xp 00000000 08:01 6553758                    /usr/lib/jvm/java-7-openjdk-amd64/jre/lib/amd64/libjava.so
7fc3fdc35000-7fc3fde34000 ---p 0002b000 08:01 6553758                    /usr/lib/jvm/java-7-openjdk-amd64/jre/lib/amd64/libjava.so
7fc3fde34000-7fc3fde35000 r--p 0002a000 08:01 6553758                    /usr/lib/jvm/java-7-openjdk-amd64/jre/lib/amd64/libjava.so
7fc3fde35000-7fc3fde37000 rw-p 0002b000 08:01 6553758                    /usr/lib/jvm/java-7-openjdk-amd64/jre/lib/amd64/libjava.so
7fc3fde37000-7fc3fde47000 r-xp 00000000 08:01 6553773                    /usr/lib/jvm/java-7-openjdk-amd64/jre/lib/amd64/libverify.so
7fc3fde47000-7fc3fe046000 ---p 00010000 08:01 6553773                    /usr/lib/jvm/java-7-openjdk-amd64/jre/lib/amd64/libverify.so
7fc3fe046000-7fc3fe048000 r--p 0000f000 08:01 6553773                    /usr/lib/jvm/java-7-openjdk-amd64/jre/lib/amd64/libverify.so
7fc3fe048000-7fc3fe049000 rw-p 00011000 08:01 6553773                    /usr/lib/jvm/java-7-openjdk-amd64/jre/lib/amd64/libverify.so
7fc3fe049000-7fc3fe050000 r-xp 00000000 08:01 19402908                   /lib/x86_64-linux-gnu/librt-2.19.so
7fc3fe050000-7fc3fe24f000 ---p 00007000 08:01 19402908                   /lib/x86_64-linux-gnu/librt-2.19.so
7fc3fe24f000-7fc3fe250000 r--p 00006000 08:01 19402908                   /lib/x86_64-linux-gnu/librt-2.19.so
7fc3fe250000-7fc3fe251000 rw-p 00007000 08:01 19402908                   /lib/x86_64-linux-gnu/librt-2.19.so
7fc3fe251000-7fc3fe267000 r-xp 00000000 08:01 19402599                   /lib/x86_64-linux-gnu/libgcc_s.so.1
7fc3fe267000-7fc3fe466000 ---p 00016000 08:01 19402599                   /lib/x86_64-linux-gnu/libgcc_s.so.1
7fc3fe466000-7fc3fe467000 rw-p 00015000 08:01 19402599                   /lib/x86_64-linux-gnu/libgcc_s.so.1
7fc3fe467000-7fc3fe56c000 r-xp 00000000 08:01 19402915                   /lib/x86_64-linux-gnu/libm-2.19.so
7fc3fe56c000-7fc3fe76b000 ---p 00105000 08:01 19402915                   /lib/x86_64-linux-gnu/libm-2.19.so
7fc3fe76b000-7fc3fe76c000 r--p 00104000 08:01 19402915                   /lib/x86_64-linux-gnu/libm-2.19.so
7fc3fe76c000-7fc3fe76d000 rw-p 00105000 08:01 19402915                   /lib/x86_64-linux-gnu/libm-2.19.so
7fc3fe76d000-7fc3fe853000 r-xp 00000000 08:01 6168987                    /usr/lib/x86_64-linux-gnu/libstdc++.so.6.0.19
7fc3fe853000-7fc3fea52000 ---p 000e6000 08:01 6168987                    /usr/lib/x86_64-linux-gnu/libstdc++.so.6.0.19
7fc3fea52000-7fc3fea5a000 r--p 000e5000 08:01 6168987                    /usr/lib/x86_64-linux-gnu/libstdc++.so.6.0.19
7fc3fea5a000-7fc3fea5c000 rw-p 000ed000 08:01 6168987                    /usr/lib/x86_64-linux-gnu/libstdc++.so.6.0.19
7fc3fea5c000-7fc3fea71000 rw-p 00000000 00:00 0 
7fc3fea71000-7fc3ff587000 r-xp 00000000 08:01 6553780                    /usr/lib/jvm/java-7-openjdk-amd64/jre/lib/amd64/server/libjvm.so
7fc3ff587000-7fc3ff786000 ---p 00b16000 08:01 6553780                    /usr/lib/jvm/java-7-openjdk-amd64/jre/lib/amd64/server/libjvm.so
7fc3ff786000-7fc3ff820000 r--p 00b15000 08:01 6553780                    /usr/lib/jvm/java-7-openjdk-amd64/jre/lib/amd64/server/libjvm.so
7fc3ff820000-7fc3ff843000 rw-p 00baf000 08:01 6553780                    /usr/lib/jvm/java-7-openjdk-amd64/jre/lib/amd64/server/libjvm.so
7fc3ff843000-7fc3ff871000 rw-p 00000000 00:00 0 
7fc3ff871000-7fc3ff889000 r-xp 00000000 08:01 19402792                   /lib/x86_64-linux-gnu/libz.so.1.2.8
7fc3ff889000-7fc3ffa88000 ---p 00018000 08:01 19402792                   /lib/x86_64-linux-gnu/libz.so.1.2.8
7fc3ffa88000-7fc3ffa89000 r--p 00017000 08:01 19402792                   /lib/x86_64-linux-gnu/libz.so.1.2.8
7fc3ffa89000-7fc3ffa8a000 rw-p 00018000 08:01 19402792                   /lib/x86_64-linux-gnu/libz.so.1.2.8
7fc3ffa8a000-7fc3ffaa3000 r-xp 00000000 08:01 19402925                   /lib/x86_64-linux-gnu/libpthread-2.19.so
7fc3ffaa3000-7fc3ffca2000 ---p 00019000 08:01 19402925                   /lib/x86_64-linux-gnu/libpthread-2.19.so
7fc3ffca2000-7fc3ffca3000 r--p 00018000 08:01 19402925                   /lib/x86_64-linux-gnu/libpthread-2.19.so
7fc3ffca3000-7fc3ffca4000 rw-p 00019000 08:01 19402925                   /lib/x86_64-linux-gnu/libpthread-2.19.so
7fc3ffca4000-7fc3ffca8000 rw-p 00000000 00:00 0 
7fc3ffca8000-7fc3ffcab000 r-xp 00000000 08:01 19402924                   /lib/x86_64-linux-gnu/libdl-2.19.so
7fc3ffcab000-7fc3ffeaa000 ---p 00003000 08:01 19402924                   /lib/x86_64-linux-gnu/libdl-2.19.so
7fc3ffeaa000-7fc3ffeab000 r--p 00002000 08:01 19402924                   /lib/x86_64-linux-gnu/libdl-2.19.so
7fc3ffeab000-7fc3ffeac000 rw-p 00003000 08:01 19402924                   /lib/x86_64-linux-gnu/libdl-2.19.so
7fc3ffeac000-7fc400067000 r-xp 00000000 08:01 19402912                   /lib/x86_64-linux-gnu/libc-2.19.so
7fc400067000-7fc400267000 ---p 001bb000 08:01 19402912                   /lib/x86_64-linux-gnu/libc-2.19.so
7fc400267000-7fc40026b000 r--p 001bb000 08:01 19402912                   /lib/x86_64-linux-gnu/libc-2.19.so
7fc40026b000-7fc40026d000 rw-p 001bf000 08:01 19402912                   /lib/x86_64-linux-gnu/libc-2.19.so
7fc40026d000-7fc400272000 rw-p 00000000 00:00 0 
7fc400272000-7fc40027f000 r-xp 00000000 08:01 6553755                    /usr/lib/jvm/java-7-openjdk-amd64/jre/lib/amd64/jli/libjli.so
7fc40027f000-7fc40047e000 ---p 0000d000 08:01 6553755                    /usr/lib/jvm/java-7-openjdk-amd64/jre/lib/amd64/jli/libjli.so
7fc40047e000-7fc40047f000 r--p 0000c000 08:01 6553755                    /usr/lib/jvm/java-7-openjdk-amd64/jre/lib/amd64/jli/libjli.so
7fc40047f000-7fc400480000 rw-p 0000d000 08:01 6553755                    /usr/lib/jvm/java-7-openjdk-amd64/jre/lib/amd64/jli/libjli.so
7fc400480000-7fc4004a3000 r-xp 00000000 08:01 19402913                   /lib/x86_64-linux-gnu/ld-2.19.so
7fc4004a3000-7fc4004a4000 r--s 00007000 00:19 21628566                   /home/charaka/.m2/repository/org/slf4j/slf4j-api/1.7.11/slf4j-api-1.7.11.jar
7fc4004a4000-7fc4004a6000 r--s 00006000 00:19 21630761                   /home/charaka/.m2/repository/javax/transaction/javax.transaction-api/1.2/javax.transaction-api-1.2.jar
7fc4004a6000-7fc4004ca000 rw-p 00000000 00:00 0 
7fc4004ca000-7fc40057d000 rw-p 00000000 00:00 0 
7fc40057d000-7fc400580000 ---p 00000000 00:00 0 
7fc400580000-7fc400683000 rw-p 00000000 00:00 0                          [stack:6320]
7fc400683000-7fc400684000 r--s 00000000 00:19 21630750                   /home/charaka/.m2/repository/org/springframework/boot/spring-boot-starter-data-jpa/1.2.3.RELEASE/spring-boot-starter-data-jpa-1.2.3.RELEASE.jar
7fc400684000-7fc400686000 r--s 00009000 00:19 21628687                   /home/charaka/.m2/repository/org/objenesis/objenesis/2.1/objenesis-2.1.jar
7fc400686000-7fc400688000 r--s 00006000 08:01 6558762                    /usr/share/java/java-atk-wrapper.jar
7fc400688000-7fc40068a000 r--s 00012000 08:01 6556355                    /usr/lib/jvm/java-7-openjdk-amd64/jre/lib/ext/zipfs.jar
7fc40068a000-7fc40068e000 r--s 00085000 08:01 6556435                    /usr/lib/jvm/java-7-openjdk-amd64/jre/lib/ext/localedata.jar
7fc40068e000-7fc40068f000 r--s 00002000 08:01 6556541                    /usr/lib/jvm/java-7-openjdk-amd64/jre/lib/ext/dnsns.jar
7fc40068f000-7fc400693000 r--s 00034000 08:01 6556458                    /usr/lib/jvm/java-7-openjdk-amd64/jre/lib/ext/sunjce_provider.jar
7fc400693000-7fc400696000 r--s 0000f000 08:01 6556303                    /usr/lib/jvm/java-7-openjdk-amd64/jre/lib/ext/icedtea-sound.jar
7fc400696000-7fc40069e000 rw-s 00000000 08:01 4063343                    /tmp/hsperfdata_charaka/6319
7fc40069e000-7fc40069f000 rw-p 00000000 00:00 0 
7fc40069f000-7fc4006a0000 ---p 00000000 00:00 0 
7fc4006a0000-7fc4006a2000 rw-p 00000000 00:00 0 
7fc4006a2000-7fc4006a3000 r--p 00022000 08:01 19402913                   /lib/x86_64-linux-gnu/ld-2.19.so
7fc4006a3000-7fc4006a4000 rw-p 00023000 08:01 19402913                   /lib/x86_64-linux-gnu/ld-2.19.so
7fc4006a4000-7fc4006a5000 rw-p 00000000 00:00 0 
7fff2ddf9000-7fff2de1c000 rw-p 00000000 00:00 0                          [stack]
7fff2df90000-7fff2df92000 r-xp 00000000 00:00 0                          [vdso]
ffffffffff600000-ffffffffff601000 r-xp 00000000 00:00 0                  [vsyscall]

VM Arguments:
jvm_args: -javaagent:/home/charaka/.m2/repository/org/springframework/springloaded/1.2.1.RELEASE/springloaded-1.2.1.RELEASE.jar -Xverify:none 
java_command: com.appsofluna.simpleapps.Application
Launcher Type: SUN_STANDARD

Environment Variables:
JAVA_HOME=/usr/lib/jvm/java-7-openjdk-amd64
PATH=/usr/local/sbin:/usr/local/bin:/usr/sbin:/usr/bin:/sbin:/bin:/usr/games:/usr/local/games
LD_LIBRARY_PATH=/usr/lib/jvm/java-7-openjdk-amd64/bin/../jre/lib/amd64:/usr/lib/jvm/java-7-openjdk-amd64/bin/../jre/lib/i386:
SHELL=/bin/bash
DISPLAY=:0.0

Signal Handlers:
SIGSEGV: [libjvm.so+0x9495e0], sa_mask[0]=0x7ffbfeff, sa_flags=0x10000004
SIGBUS: [libjvm.so+0x9495e0], sa_mask[0]=0x7ffbfeff, sa_flags=0x10000004
SIGFPE: [libjvm.so+0x7c3410], sa_mask[0]=0x7ffbfeff, sa_flags=0x10000004
SIGPIPE: [libjvm.so+0x7c3410], sa_mask[0]=0x7ffbfeff, sa_flags=0x10000004
SIGXFSZ: [libjvm.so+0x7c3410], sa_mask[0]=0x7ffbfeff, sa_flags=0x10000004
SIGILL: [libjvm.so+0x7c3410], sa_mask[0]=0x7ffbfeff, sa_flags=0x10000004
SIGUSR1: SIG_DFL, sa_mask[0]=0x00000000, sa_flags=0x00000000
SIGUSR2: [libjvm.so+0x7c32b0], sa_mask[0]=0x00000004, sa_flags=0x10000004
SIGHUP: [libjvm.so+0x7c3490], sa_mask[0]=0x7ffbfeff, sa_flags=0x10000004
SIGINT: SIG_IGN, sa_mask[0]=0x00000000, sa_flags=0x00000000
SIGTERM: [libjvm.so+0x7c3490], sa_mask[0]=0x7ffbfeff, sa_flags=0x10000004
SIGQUIT: [libjvm.so+0x7c3490], sa_mask[0]=0x7ffbfeff, sa_flags=0x10000004
SIGTRAP: SIG_DFL, sa_mask[0]=0x00000000, sa_flags=0x00000000


---------------  S Y S T E M  ---------------

OS:Ubuntu 14.04 (trusty)
uname:Linux 3.13.0-32-generic #57-Ubuntu SMP Tue Jul 15 03:51:08 UTC 2014 x86_64
libc:glibc 2.19 NPTL 2.19 
rlimit: STACK 8192k, CORE 0k, NPROC 30591, NOFILE 4096, AS infinity
load average:2.31 0.90 0.65

/proc/meminfo:
MemTotal:        3945452 kB
MemFree:          103696 kB
Buffers:             916 kB
Cached:           437436 kB
SwapCached:            0 kB
Active:          3177940 kB
Inactive:         434388 kB
Active(anon):    3176180 kB
Inactive(anon):   403080 kB
Active(file):       1760 kB
Inactive(file):    31308 kB
Unevictable:          48 kB
Mlocked:              48 kB
SwapTotal:             0 kB
SwapFree:              0 kB
Dirty:               224 kB
Writeback:             0 kB
AnonPages:       3174036 kB
Mapped:           146988 kB
Shmem:            405272 kB
Slab:              80348 kB
SReclaimable:      32560 kB
SUnreclaim:        47788 kB
KernelStack:        5944 kB
PageTables:        48240 kB
NFS_Unstable:          0 kB
Bounce:                0 kB
WritebackTmp:          0 kB
CommitLimit:     1972724 kB
Committed_AS:    7946096 kB
VmallocTotal:   34359738367 kB
VmallocUsed:      544028 kB
VmallocChunk:   34359186396 kB
HardwareCorrupted:     0 kB
AnonHugePages:   1863680 kB
HugePages_Total:       0
HugePages_Free:        0
HugePages_Rsvd:        0
HugePages_Surp:        0
Hugepagesize:       2048 kB
DirectMap4k:       76544 kB
DirectMap2M:     4016128 kB


CPU:total 4 (2 cores per cpu, 2 threads per core) family 6 model 42 stepping 7, cmov, cx8, fxsr, mmx, sse, sse2, sse3, ssse3, sse4.1, sse4.2, popcnt, avx, ht, tsc, tscinvbit

/proc/cpuinfo:
processor	: 0
vendor_id	: GenuineIntel
cpu family	: 6
model		: 42
model name	: Intel(R) Core(TM) i3-2370M CPU @ 2.40GHz
stepping	: 7
microcode	: 0x25
cpu MHz		: 2400.000
cache size	: 3072 KB
physical id	: 0
siblings	: 4
core id		: 0
cpu cores	: 2
apicid		: 0
initial apicid	: 0
fpu		: yes
fpu_exception	: yes
cpuid level	: 13
wp		: yes
flags		: fpu vme de pse tsc msr pae mce cx8 apic sep mtrr pge mca cmov pat pse36 clflush dts acpi mmx fxsr sse sse2 ss ht tm pbe syscall nx rdtscp lm constant_tsc arch_perfmon pebs bts rep_good nopl xtopology nonstop_tsc aperfmperf eagerfpu pni pclmulqdq dtes64 monitor ds_cpl vmx est tm2 ssse3 cx16 xtpr pdcm pcid sse4_1 sse4_2 x2apic popcnt tsc_deadline_timer xsave avx lahf_lm arat epb xsaveopt pln pts dtherm tpr_shadow vnmi flexpriority ept vpid
bogomips	: 4789.26
clflush size	: 64
cache_alignment	: 64
address sizes	: 36 bits physical, 48 bits virtual
power management:

processor	: 1
vendor_id	: GenuineIntel
cpu family	: 6
model		: 42
model name	: Intel(R) Core(TM) i3-2370M CPU @ 2.40GHz
stepping	: 7
microcode	: 0x25
cpu MHz		: 800.000
cache size	: 3072 KB
physical id	: 0
siblings	: 4
core id		: 0
cpu cores	: 2
apicid		: 1
initial apicid	: 1
fpu		: yes
fpu_exception	: yes
cpuid level	: 13
wp		: yes
flags		: fpu vme de pse tsc msr pae mce cx8 apic sep mtrr pge mca cmov pat pse36 clflush dts acpi mmx fxsr sse sse2 ss ht tm pbe syscall nx rdtscp lm constant_tsc arch_perfmon pebs bts rep_good nopl xtopology nonstop_tsc aperfmperf eagerfpu pni pclmulqdq dtes64 monitor ds_cpl vmx est tm2 ssse3 cx16 xtpr pdcm pcid sse4_1 sse4_2 x2apic popcnt tsc_deadline_timer xsave avx lahf_lm arat epb xsaveopt pln pts dtherm tpr_shadow vnmi flexpriority ept vpid
bogomips	: 4789.26
clflush size	: 64
cache_alignment	: 64
address sizes	: 36 bits physical, 48 bits virtual
power management:

processor	: 2
vendor_id	: GenuineIntel
cpu family	: 6
model		: 42
model name	: Intel(R) Core(TM) i3-2370M CPU @ 2.40GHz
stepping	: 7
microcode	: 0x25
cpu MHz		: 2400.000
cache size	: 3072 KB
physical id	: 0
siblings	: 4
core id		: 1
cpu cores	: 2
apicid		: 2
initial apicid	: 2
fpu		: yes
fpu_exception	: yes
cpuid level	: 13
wp		: yes
flags		: fpu vme de pse tsc msr pae mce cx8 apic sep mtrr pge mca cmov pat pse36 clflush dts acpi mmx fxsr sse sse2 ss ht tm pbe syscall nx rdtscp lm constant_tsc arch_perfmon pebs bts rep_good nopl xtopology nonstop_tsc aperfmperf eagerfpu pni pclmulqdq dtes64 monitor ds_cpl vmx est tm2 ssse3 cx16 xtpr pdcm pcid sse4_1 sse4_2 x2apic popcnt tsc_deadline_timer xsave avx lahf_lm arat epb xsaveopt pln pts dtherm tpr_shadow vnmi flexpriority ept vpid
bogomips	: 4789.26
clflush size	: 64
cache_alignment	: 64
address sizes	: 36 bits physical, 48 bits virtual
power management:

processor	: 3
vendor_id	: GenuineIntel
cpu family	: 6
model		: 42
model name	: Intel(R) Core(TM) i3-2370M CPU @ 2.40GHz
stepping	: 7
microcode	: 0x25
cpu MHz		: 800.000
cache size	: 3072 KB
physical id	: 0
siblings	: 4
core id		: 1
cpu cores	: 2
apicid		: 3
initial apicid	: 3
fpu		: yes
fpu_exception	: yes
cpuid level	: 13
wp		: yes
flags		: fpu vme de pse tsc msr pae mce cx8 apic sep mtrr pge mca cmov pat pse36 clflush dts acpi mmx fxsr sse sse2 ss ht tm pbe syscall nx rdtscp lm constant_tsc arch_perfmon pebs bts rep_good nopl xtopology nonstop_tsc aperfmperf eagerfpu pni pclmulqdq dtes64 monitor ds_cpl vmx est tm2 ssse3 cx16 xtpr pdcm pcid sse4_1 sse4_2 x2apic popcnt tsc_deadline_timer xsave avx lahf_lm arat epb xsaveopt pln pts dtherm tpr_shadow vnmi flexpriority ept vpid
bogomips	: 4789.26
clflush size	: 64
cache_alignment	: 64
address sizes	: 36 bits physical, 48 bits virtual
power management:



Memory: 4k page, physical 3945452k(103572k free), swap 0k(0k free)

vm_info: OpenJDK 64-Bit Server VM (24.65-b04) for linux-amd64 JRE (1.7.0_65-b32), built on Oct 22 2014 04:37:44 by "buildd" with gcc 4.8.2

time: Tue Nov 24 11:54:50 2015
elapsed time: 17 seconds

